Using pre-set license
Built from '2022.3/china_unity/release' branch; Version is '2022.3.38f1c1 (b17906c7b2b6) revision 11630854'; Using compiler version '192829333'; Build Type 'Release'
OS: 'Windows 11  (10.0.22631) 64bit CoreCountrySpecific' Language: 'zh' Physical Memory: 16108 MB
BatchMode: 1, IsHumanControllingUs: 0, StartBugReporterOnCrash: 0, Is64bit: 1, IsPro: 1

COMMAND LINE ARGUMENTS:
D:\Program Files\UnityHub\Unity\2022.3.38f1c1\Editor\Unity.exe
-adb2
-batchMode
-noUpm
-name
AssetImportWorker7
-projectPath
E:/UnityProgram/PlantsVSZombies
-logFile
Logs/AssetImportWorker7.log
-srvPort
59099
Successfully changed project path to: E:/UnityProgram/PlantsVSZombies
E:/UnityProgram/PlantsVSZombies
[UnityMemory] Configuration Parameters - Can be set up in boot.config
    "memorysetup-bucket-allocator-granularity=16"
    "memorysetup-bucket-allocator-bucket-count=8"
    "memorysetup-bucket-allocator-block-size=33554432"
    "memorysetup-bucket-allocator-block-count=8"
    "memorysetup-main-allocator-block-size=16777216"
    "memorysetup-thread-allocator-block-size=16777216"
    "memorysetup-gfx-main-allocator-block-size=16777216"
    "memorysetup-gfx-thread-allocator-block-size=16777216"
    "memorysetup-cache-allocator-block-size=4194304"
    "memorysetup-typetree-allocator-block-size=2097152"
    "memorysetup-profiler-bucket-allocator-granularity=16"
    "memorysetup-profiler-bucket-allocator-bucket-count=8"
    "memorysetup-profiler-bucket-allocator-block-size=33554432"
    "memorysetup-profiler-bucket-allocator-block-count=8"
    "memorysetup-profiler-allocator-block-size=16777216"
    "memorysetup-profiler-editor-allocator-block-size=1048576"
    "memorysetup-temp-allocator-size-main=16777216"
    "memorysetup-job-temp-allocator-block-size=2097152"
    "memorysetup-job-temp-allocator-block-size-background=1048576"
    "memorysetup-job-temp-allocator-reduction-small-platforms=262144"
    "memorysetup-allocator-temp-initial-block-size-main=262144"
    "memorysetup-allocator-temp-initial-block-size-worker=262144"
    "memorysetup-temp-allocator-size-background-worker=32768"
    "memorysetup-temp-allocator-size-job-worker=262144"
    "memorysetup-temp-allocator-size-preload-manager=33554432"
    "memorysetup-temp-allocator-size-nav-mesh-worker=65536"
    "memorysetup-temp-allocator-size-audio-worker=65536"
    "memorysetup-temp-allocator-size-cloud-worker=32768"
    "memorysetup-temp-allocator-size-gi-baking-worker=262144"
    "memorysetup-temp-allocator-size-gfx=262144"
Player connection [25740]  Target information:

Player connection [25740]  * "[IP] 192.168.132.1 [Port] 0 [Flags] 2 [Guid] 615966703 [EditorId] 615966703 [Version] 1048832 [Id] WindowsEditor(7,Lianna) [Debug] 1 [PackageName] WindowsEditor [ProjectName] Editor" 

Player connection [25740]  * "[IP] 192.168.159.1 [Port] 0 [Flags] 2 [Guid] 615966703 [EditorId] 615966703 [Version] 1048832 [Id] WindowsEditor(7,Lianna) [Debug] 1 [PackageName] WindowsEditor [ProjectName] Editor" 

Player connection [25740]  * "[IP] 10.43.75.31 [Port] 0 [Flags] 2 [Guid] 615966703 [EditorId] 615966703 [Version] 1048832 [Id] WindowsEditor(7,Lianna) [Debug] 1 [PackageName] WindowsEditor [ProjectName] Editor" 

Player connection [25740] Host joined multi-casting on [225.0.0.222:54997]...
Player connection [25740] Host joined alternative multi-casting on [225.0.0.222:34997]...
[PhysX] Initialized MultithreadedTaskDispatcher with 16 workers.
Refreshing native plugins compatible for Editor in 19.94 ms, found 4 plugins.
Preloading 0 native plugins for Editor in 0.00 ms.
Initialize engine version: 2022.3.38f1c1 (b17906c7b2b6)
[Subsystems] Discovering subsystems at path D:/Program Files/UnityHub/Unity/2022.3.38f1c1/Editor/Data/Resources/UnitySubsystems
[Subsystems] Discovering subsystems at path E:/UnityProgram/PlantsVSZombies/Assets
GfxDevice: creating device client; threaded=0; jobified=0
Direct3D:
    Version:  Direct3D 11.0 [level 11.1]
    Renderer: NVIDIA GeForce RTX 4050 Laptop GPU (ID=0x28e1)
    Vendor:   NVIDIA
    VRAM:     5936 MB
    Driver:   31.0.15.4683
Initialize mono
Mono path[0] = 'D:/Program Files/UnityHub/Unity/2022.3.38f1c1/Editor/Data/Managed'
Mono path[1] = 'D:/Program Files/UnityHub/Unity/2022.3.38f1c1/Editor/Data/MonoBleedingEdge/lib/mono/unityjit-win32'
Mono config path = 'D:/Program Files/UnityHub/Unity/2022.3.38f1c1/Editor/Data/MonoBleedingEdge/etc'
Using monoOptions --debugger-agent=transport=dt_socket,embedding=1,server=y,suspend=n,address=127.0.0.1:56752
Begin MonoManager ReloadAssembly
Registering precompiled unity dll's ...
Register platform support module: D:/Program Files/UnityHub/Unity/2022.3.38f1c1/Editor/Data/PlaybackEngines/WebGLSupport/UnityEditor.WebGL.Extensions.dll
Register platform support module: D:/Program Files/UnityHub/Unity/2022.3.38f1c1/Editor/Data/PlaybackEngines/WindowsStandaloneSupport/UnityEditor.WindowsStandalone.Extensions.dll
Registered in 0.007803 seconds.
- Loaded All Assemblies, in  0.360 seconds
Native extension for WindowsStandalone target not found
Native extension for WebGL target not found
Mono: successfully reloaded assembly
- Finished resetting the current domain, in  0.194 seconds
Domain Reload Profiling: 549ms
	BeginReloadAssembly (114ms)
		ExecutionOrderSort (0ms)
		DisableScriptedObjects (0ms)
		BackupInstance (0ms)
		ReleaseScriptingObjects (0ms)
		CreateAndSetChildDomain (0ms)
	RebuildCommonClasses (23ms)
	RebuildNativeTypeToScriptingClass (10ms)
	initialDomainReloadingComplete (54ms)
	LoadAllAssembliesAndSetupDomain (153ms)
		LoadAssemblies (108ms)
		RebuildTransferFunctionScriptingTraits (0ms)
		AnalyzeDomain (151ms)
			TypeCache.Refresh (150ms)
				TypeCache.ScanAssembly (134ms)
			ScanForSourceGeneratedMonoScriptInfo (0ms)
			ResolveRequiredComponents (0ms)
	FinalizeReload (195ms)
		ReleaseScriptCaches (0ms)
		RebuildScriptCaches (0ms)
		SetupLoadedEditorAssemblies (156ms)
			LogAssemblyErrors (0ms)
			InitializePlatformSupportModulesInManaged (6ms)
			SetLoadedEditorAssemblies (4ms)
			RefreshPlugins (0ms)
			BeforeProcessingInitializeOnLoad (1ms)
			ProcessInitializeOnLoadAttributes (104ms)
			ProcessInitializeOnLoadMethodAttributes (40ms)
			AfterProcessingInitializeOnLoad (0ms)
			EditorAssembliesLoaded (0ms)
		ExecutionOrderSort2 (0ms)
		AwakeInstancesAfterBackupRestoration (0ms)
========================================================================
Worker process is ready to serve import requests
Begin MonoManager ReloadAssembly
- Loaded All Assemblies, in  0.579 seconds
Refreshing native plugins compatible for Editor in 10.59 ms, found 4 plugins.
Native extension for WindowsStandalone target not found
Native extension for WebGL target not found
Package Manager log level set to [2]
[Package Manager] Server::EnsureServerProcessIsRunning -- launch failed, reason: Unity was launched with the -noUpm command-line argument
[Package Manager] UpmClient::Send -- Unable to send message (not connected to UPM process).
[Package Manager] Cannot connect to Unity Package Manager local server
Mono: successfully reloaded assembly
- Finished resetting the current domain, in  0.554 seconds
Domain Reload Profiling: 1121ms
	BeginReloadAssembly (149ms)
		ExecutionOrderSort (0ms)
		DisableScriptedObjects (4ms)
		BackupInstance (0ms)
		ReleaseScriptingObjects (0ms)
		CreateAndSetChildDomain (14ms)
	RebuildCommonClasses (23ms)
	RebuildNativeTypeToScriptingClass (7ms)
	initialDomainReloadingComplete (42ms)
	LoadAllAssembliesAndSetupDomain (346ms)
		LoadAssemblies (307ms)
		RebuildTransferFunctionScriptingTraits (0ms)
		AnalyzeDomain (131ms)
			TypeCache.Refresh (110ms)
				TypeCache.ScanAssembly (93ms)
			ScanForSourceGeneratedMonoScriptInfo (16ms)
			ResolveRequiredComponents (4ms)
	FinalizeReload (554ms)
		ReleaseScriptCaches (0ms)
		RebuildScriptCaches (0ms)
		SetupLoadedEditorAssemblies (446ms)
			LogAssemblyErrors (0ms)
			InitializePlatformSupportModulesInManaged (6ms)
			SetLoadedEditorAssemblies (2ms)
			RefreshPlugins (0ms)
			BeforeProcessingInitializeOnLoad (57ms)
			ProcessInitializeOnLoadAttributes (337ms)
			ProcessInitializeOnLoadMethodAttributes (28ms)
			AfterProcessingInitializeOnLoad (14ms)
			EditorAssembliesLoaded (0ms)
		ExecutionOrderSort2 (0ms)
		AwakeInstancesAfterBackupRestoration (6ms)
Launched and connected shader compiler UnityShaderCompiler.exe after 0.09 seconds
Refreshing native plugins compatible for Editor in 9.26 ms, found 4 plugins.
Preloading 0 native plugins for Editor in 0.00 ms.
Unloading 4662 Unused Serialized files (Serialized files now loaded: 0)
Unloading 71 unused Assets / (245.7 KB). Loaded Objects now: 5120.
Memory consumption went from 158.6 MB to 158.4 MB.
Total: 3.053400 ms (FindLiveObjects: 0.178400 ms CreateObjectMapping: 0.080200 ms MarkObjects: 2.599000 ms  DeleteObjects: 0.194400 ms)

AssetImportParameters requested are different than current active one (requested -> active):
  custom:container-demuxer-ogg: 62fdf1f143b41e24485cea50d1cbac27 -> 
  custom:video-codec-MediaFoundation-h265: 746d11721c4dcdbdad8f713fa42b33f4 -> 
  custom:video-decoder-ogg-theora: a1e56fd34408186e4bbccfd4996cb3dc -> 
  custom:framework-win-MediaFoundation: 216162199b28c13a410421893ffa2e32 -> 
  custom:scripting/monoscript/fileName/IBulletSetting.cs: b73ebac615c8a403975aa1d4f87016ad -> 
  custom:CustomObjectIndexerAttribute: 9a22284fe3817be447336de3de66b15e -> 
  custom:container-demuxer-webm: 4f35f7cbe854078d1ac9338744f61a02 -> 
  custom:container-muxer-webm: aa71ff27fc2769a1b78a27578f13a17b -> 
  custom:video-decoder-webm-vp8: 9c59270c3fd7afecdb556c50c9e8de78 -> 
  custom:SearchIndexIgnoredProperties: e643bd26f0fe6173181afceb89e7c659 -> 
  custom:AudioImporter_EditorPlatform: d09bf68614088b80899f8185d706f6e7 -> 
  custom:video-encoder-webm-vp8: eb34c28f22e8b96e1ab97ce403110664 -> 
  custom:audio-decoder-ogg-vorbis: bf7c407c2cedff20999df2af8eb42d56 -> 
  custom:audio-encoder-webm-vorbis: bf7c407c2cedff20999df2af8eb42d56 -> 
========================================================================
Received Import Request.
  Time since last request: 40070.234756 seconds.
  path: Assets/Resource/Images/Plants/SunFlower/SunFlower_10.png
  artifactKey: Guid(172419eac2d1c494dbbb8cb0b1d9c9d2) Importer(815301076,1909f56bfc062723c751e8b465ee728b)
Start importing Assets/Resource/Images/Plants/SunFlower/SunFlower_10.png using Guid(172419eac2d1c494dbbb8cb0b1d9c9d2) Importer(815301076,1909f56bfc062723c751e8b465ee728b) [PhysX] Initialized MultithreadedTaskDispatcher with 16 workers.
[PhysX] Initialized MultithreadedTaskDispatcher with 16 workers.
 -> (artifact id: 'c139bd8df192dd08267a69c3aec72942') in 0.111915 seconds
Number of updated asset objects reloaded before import = 0
Number of asset objects unloaded after import = 3
========================================================================
Received Import Request.
  Time since last request: 0.000028 seconds.
  path: Assets/Resource/Images/Plants/SunFlower/SunFlower_12.png
  artifactKey: Guid(19bf6c0866db91e4a9fb3877f48132b7) Importer(815301076,1909f56bfc062723c751e8b465ee728b)
Start importing Assets/Resource/Images/Plants/SunFlower/SunFlower_12.png using Guid(19bf6c0866db91e4a9fb3877f48132b7) Importer(815301076,1909f56bfc062723c751e8b465ee728b) [PhysX] Initialized MultithreadedTaskDispatcher with 16 workers.
[PhysX] Initialized MultithreadedTaskDispatcher with 16 workers.
 -> (artifact id: '150b3f3aca24fee6a0e39e6ae64d3b75') in 0.061500 seconds
Number of updated asset objects reloaded before import = 0
Number of asset objects unloaded after import = 3
========================================================================
Received Import Request.
  Time since last request: 0.000520 seconds.
  path: Assets/Resource/Images/Plants/SunFlower/SunFlower_13.png
  artifactKey: Guid(98913af905fadc149a5c48dc42ae3502) Importer(815301076,1909f56bfc062723c751e8b465ee728b)
Start importing Assets/Resource/Images/Plants/SunFlower/SunFlower_13.png using Guid(98913af905fadc149a5c48dc42ae3502) Importer(815301076,1909f56bfc062723c751e8b465ee728b) [PhysX] Initialized MultithreadedTaskDispatcher with 16 workers.
[PhysX] Initialized MultithreadedTaskDispatcher with 16 workers.
 -> (artifact id: '1f293a3b687f670e119544df44d804e7') in 0.012187 seconds
Number of updated asset objects reloaded before import = 0
Number of asset objects unloaded after import = 3
========================================================================
Received Import Request.
  Time since last request: 0.641108 seconds.
  path: Assets/Resource/Images/Plants/SunFlower/SunFlower_6.png
  artifactKey: Guid(ec72a6d02b9026e4591802644f8697ce) Importer(815301076,1909f56bfc062723c751e8b465ee728b)
Start importing Assets/Resource/Images/Plants/SunFlower/SunFlower_6.png using Guid(ec72a6d02b9026e4591802644f8697ce) Importer(815301076,1909f56bfc062723c751e8b465ee728b) [PhysX] Initialized MultithreadedTaskDispatcher with 16 workers.
[PhysX] Initialized MultithreadedTaskDispatcher with 16 workers.
 -> (artifact id: '0f96b6878e39c84c234e84aba007ddd6') in 0.015446 seconds
Number of updated asset objects reloaded before import = 0
Number of asset objects unloaded after import = 3
========================================================================
Received Import Request.
  Time since last request: 0.000021 seconds.
  path: Assets/Resource/Images/Plants/SunFlower/SunFlower_1.png
  artifactKey: Guid(7ac7b0263bdc0394a97039b3de325168) Importer(815301076,1909f56bfc062723c751e8b465ee728b)
Start importing Assets/Resource/Images/Plants/SunFlower/SunFlower_1.png using Guid(7ac7b0263bdc0394a97039b3de325168) Importer(815301076,1909f56bfc062723c751e8b465ee728b) [PhysX] Initialized MultithreadedTaskDispatcher with 16 workers.
[PhysX] Initialized MultithreadedTaskDispatcher with 16 workers.
 -> (artifact id: '57ef936520f0dbe0f53d4bea5ca731d4') in 0.009377 seconds
Number of updated asset objects reloaded before import = 0
Number of asset objects unloaded after import = 3
========================================================================
Received Import Request.
  Time since last request: 0.233254 seconds.
  path: Assets/Resource/Images/Plants/SunFlower/sunflower215.png
  artifactKey: Guid(5839051ebf6765e4c96533e0fbfcd449) Importer(815301076,1909f56bfc062723c751e8b465ee728b)
Start importing Assets/Resource/Images/Plants/SunFlower/sunflower215.png using Guid(5839051ebf6765e4c96533e0fbfcd449) Importer(815301076,1909f56bfc062723c751e8b465ee728b) [PhysX] Initialized MultithreadedTaskDispatcher with 16 workers.
[PhysX] Initialized MultithreadedTaskDispatcher with 16 workers.
 -> (artifact id: 'aef1d57697402e24bdf8bb9c3112f399') in 0.023186 seconds
Number of updated asset objects reloaded before import = 0
Number of asset objects unloaded after import = 3
========================================================================
Received Import Request.
  Time since last request: 0.860511 seconds.
  path: Assets/Resource/Images/Plants/SunFlower/sunflower211.png
  artifactKey: Guid(af016f92efce6a44d9eaa1b30da94a30) Importer(815301076,1909f56bfc062723c751e8b465ee728b)
Start importing Assets/Resource/Images/Plants/SunFlower/sunflower211.png using Guid(af016f92efce6a44d9eaa1b30da94a30) Importer(815301076,1909f56bfc062723c751e8b465ee728b) [PhysX] Initialized MultithreadedTaskDispatcher with 16 workers.
[PhysX] Initialized MultithreadedTaskDispatcher with 16 workers.
 -> (artifact id: 'ca67a9ee69b6f19eb347df3cdf8266a8') in 0.035065 seconds
Number of updated asset objects reloaded before import = 0
Number of asset objects unloaded after import = 3
========================================================================
Received Import Request.
  Time since last request: 118.734341 seconds.
  path: Assets/Resource/Images/Plants/SunFlower/sunflower22.png
  artifactKey: Guid(a517f1d6533748e45a26ad11a8261aa0) Importer(815301076,1909f56bfc062723c751e8b465ee728b)
Start importing Assets/Resource/Images/Plants/SunFlower/sunflower22.png using Guid(a517f1d6533748e45a26ad11a8261aa0) Importer(815301076,1909f56bfc062723c751e8b465ee728b) [PhysX] Initialized MultithreadedTaskDispatcher with 16 workers.
[PhysX] Initialized MultithreadedTaskDispatcher with 16 workers.
 -> (artifact id: '020cbeebdb2d31b4a5c8e17f759e5c57') in 0.024258 seconds
Number of updated asset objects reloaded before import = 0
Number of asset objects unloaded after import = 3
========================================================================
Received Import Request.
  Time since last request: 0.046095 seconds.
  path: Assets/Resource/Images/Plants/SunFlower/sunflower24.png
  artifactKey: Guid(f2d5c7810d2ca13428cae23c3d465d4b) Importer(815301076,1909f56bfc062723c751e8b465ee728b)
Start importing Assets/Resource/Images/Plants/SunFlower/sunflower24.png using Guid(f2d5c7810d2ca13428cae23c3d465d4b) Importer(815301076,1909f56bfc062723c751e8b465ee728b) [PhysX] Initialized MultithreadedTaskDispatcher with 16 workers.
[PhysX] Initialized MultithreadedTaskDispatcher with 16 workers.
 -> (artifact id: 'fea8f1b019c1f4a457d2803243512a78') in 0.029178 seconds
Number of updated asset objects reloaded before import = 0
Number of asset objects unloaded after import = 3
========================================================================
Received Import Request.
  Time since last request: 0.000083 seconds.
  path: Assets/Resource/Images/Plants/SunFlower/sunflower27.png
  artifactKey: Guid(b010af95f6867174e91ad014aa279178) Importer(815301076,1909f56bfc062723c751e8b465ee728b)
Start importing Assets/Resource/Images/Plants/SunFlower/sunflower27.png using Guid(b010af95f6867174e91ad014aa279178) Importer(815301076,1909f56bfc062723c751e8b465ee728b) [PhysX] Initialized MultithreadedTaskDispatcher with 16 workers.
[PhysX] Initialized MultithreadedTaskDispatcher with 16 workers.
 -> (artifact id: 'ee5b4b6c2197fe5a439d46387c22e0dc') in 0.024531 seconds
Number of updated asset objects reloaded before import = 0
Number of asset objects unloaded after import = 3
========================================================================
Received Import Request.
  Time since last request: 0.000137 seconds.
  path: Assets/Resource/Images/Plants/SunFlower/sunflower26.png
  artifactKey: Guid(24f4166bc755c5a4999045dcddf45bc6) Importer(815301076,1909f56bfc062723c751e8b465ee728b)
Start importing Assets/Resource/Images/Plants/SunFlower/sunflower26.png using Guid(24f4166bc755c5a4999045dcddf45bc6) Importer(815301076,1909f56bfc062723c751e8b465ee728b) [PhysX] Initialized MultithreadedTaskDispatcher with 16 workers.
[PhysX] Initialized MultithreadedTaskDispatcher with 16 workers.
 -> (artifact id: 'eca074fd30003792ce7f70c00a95f120') in 0.029506 seconds
Number of updated asset objects reloaded before import = 0
Number of asset objects unloaded after import = 3
========================================================================
Received Import Request.
  Time since last request: 151.892507 seconds.
  path: Assets/Resource/Images/Plants/WallNut/Wallnut_cracked1_3.png
  artifactKey: Guid(638ca72e075523c48911ec6dbfdebaca) Importer(815301076,1909f56bfc062723c751e8b465ee728b)
Start importing Assets/Resource/Images/Plants/WallNut/Wallnut_cracked1_3.png using Guid(638ca72e075523c48911ec6dbfdebaca) Importer(815301076,1909f56bfc062723c751e8b465ee728b) [PhysX] Initialized MultithreadedTaskDispatcher with 16 workers.
[PhysX] Initialized MultithreadedTaskDispatcher with 16 workers.
 -> (artifact id: 'b9e08616e0f96cddc25646d605fb6895') in 0.011590 seconds
Number of updated asset objects reloaded before import = 0
Number of asset objects unloaded after import = 3
========================================================================
Received Import Request.
  Time since last request: 0.054052 seconds.
  path: Assets/Resource/Images/Plants/WallNut/Wallnut_cracked1_6.png
  artifactKey: Guid(e01a153f77b7ba24983a4a86f747fec9) Importer(815301076,1909f56bfc062723c751e8b465ee728b)
Start importing Assets/Resource/Images/Plants/WallNut/Wallnut_cracked1_6.png using Guid(e01a153f77b7ba24983a4a86f747fec9) Importer(815301076,1909f56bfc062723c751e8b465ee728b) [PhysX] Initialized MultithreadedTaskDispatcher with 16 workers.
[PhysX] Initialized MultithreadedTaskDispatcher with 16 workers.
 -> (artifact id: 'a2e863d12bb426363b2f3d377a7dd068') in 0.006761 seconds
Number of updated asset objects reloaded before import = 0
Number of asset objects unloaded after import = 3
========================================================================
Received Import Request.
  Time since last request: 0.054232 seconds.
  path: Assets/Resource/Images/Plants/WallNut/Wallnut_cracked1_10.png
  artifactKey: Guid(6b6f92419645c8c428f9d60a0b40c210) Importer(815301076,1909f56bfc062723c751e8b465ee728b)
Start importing Assets/Resource/Images/Plants/WallNut/Wallnut_cracked1_10.png using Guid(6b6f92419645c8c428f9d60a0b40c210) Importer(815301076,1909f56bfc062723c751e8b465ee728b) [PhysX] Initialized MultithreadedTaskDispatcher with 16 workers.
[PhysX] Initialized MultithreadedTaskDispatcher with 16 workers.
 -> (artifact id: '5c21f79b7e615d2ccfc90e662ed10a3e') in 0.009818 seconds
Number of updated asset objects reloaded before import = 0
Number of asset objects unloaded after import = 3
========================================================================
Received Import Request.
  Time since last request: 0.000016 seconds.
  path: Assets/Resource/Images/Plants/WallNut/Wallnut_cracked2_1.png
  artifactKey: Guid(f444b36dff8da8c4da6a681aca6831a0) Importer(815301076,1909f56bfc062723c751e8b465ee728b)
Start importing Assets/Resource/Images/Plants/WallNut/Wallnut_cracked2_1.png using Guid(f444b36dff8da8c4da6a681aca6831a0) Importer(815301076,1909f56bfc062723c751e8b465ee728b) [PhysX] Initialized MultithreadedTaskDispatcher with 16 workers.
[PhysX] Initialized MultithreadedTaskDispatcher with 16 workers.
 -> (artifact id: '0ec94605e7200e1e020a491efbce07e9') in 0.007082 seconds
Number of updated asset objects reloaded before import = 0
Number of asset objects unloaded after import = 3
========================================================================
Received Import Request.
  Time since last request: 0.000019 seconds.
  path: Assets/Resource/Images/Plants/WallNut/Wallnut_cracked1_8.png
  artifactKey: Guid(8a2488c7ef8944347a637c2fe999cab7) Importer(815301076,1909f56bfc062723c751e8b465ee728b)
Start importing Assets/Resource/Images/Plants/WallNut/Wallnut_cracked1_8.png using Guid(8a2488c7ef8944347a637c2fe999cab7) Importer(815301076,1909f56bfc062723c751e8b465ee728b) [PhysX] Initialized MultithreadedTaskDispatcher with 16 workers.
[PhysX] Initialized MultithreadedTaskDispatcher with 16 workers.
 -> (artifact id: 'f500532a7702d55274bbadf6911f2fc2') in 0.006513 seconds
Number of updated asset objects reloaded before import = 0
Number of asset objects unloaded after import = 3
========================================================================
Received Import Request.
  Time since last request: 0.000016 seconds.
  path: Assets/Resource/Images/Plants/WallNut/Wallnut_cracked1_5.png
  artifactKey: Guid(905067e595549e84bba2726d7165fe02) Importer(815301076,1909f56bfc062723c751e8b465ee728b)
Start importing Assets/Resource/Images/Plants/WallNut/Wallnut_cracked1_5.png using Guid(905067e595549e84bba2726d7165fe02) Importer(815301076,1909f56bfc062723c751e8b465ee728b) [PhysX] Initialized MultithreadedTaskDispatcher with 16 workers.
[PhysX] Initialized MultithreadedTaskDispatcher with 16 workers.
 -> (artifact id: '9286122ae4e639dae40aad4344c288d6') in 0.006627 seconds
Number of updated asset objects reloaded before import = 0
Number of asset objects unloaded after import = 3
========================================================================
Received Import Request.
  Time since last request: 26.319951 seconds.
  path: Assets/Resource/Images/Effect/Sun/Sun_5.png
  artifactKey: Guid(2072d7f56077a4648bb5d570dace3c9b) Importer(815301076,1909f56bfc062723c751e8b465ee728b)
Start importing Assets/Resource/Images/Effect/Sun/Sun_5.png using Guid(2072d7f56077a4648bb5d570dace3c9b) Importer(815301076,1909f56bfc062723c751e8b465ee728b) [PhysX] Initialized MultithreadedTaskDispatcher with 16 workers.
[PhysX] Initialized MultithreadedTaskDispatcher with 16 workers.
 -> (artifact id: '36085fcf7a35ce0bb64e034f09a3b688') in 0.061860 seconds
Number of updated asset objects reloaded before import = 0
Number of asset objects unloaded after import = 3
========================================================================
Received Import Request.
  Time since last request: 0.000022 seconds.
  path: Assets/Resource/Images/Effect/Sun/Sun_12.png
  artifactKey: Guid(3bd33e4a4681c1a429254110af5f2bb0) Importer(815301076,1909f56bfc062723c751e8b465ee728b)
Start importing Assets/Resource/Images/Effect/Sun/Sun_12.png using Guid(3bd33e4a4681c1a429254110af5f2bb0) Importer(815301076,1909f56bfc062723c751e8b465ee728b) [PhysX] Initialized MultithreadedTaskDispatcher with 16 workers.
[PhysX] Initialized MultithreadedTaskDispatcher with 16 workers.
 -> (artifact id: 'c35d67a8ee191ed4fbaeeeef472600a4') in 0.051343 seconds
Number of updated asset objects reloaded before import = 0
Number of asset objects unloaded after import = 3
========================================================================
Received Import Request.
  Time since last request: 0.000027 seconds.
  path: Assets/Resource/Images/Effect/Sun/Sun_14.png
  artifactKey: Guid(52fb12dd8a59a034d857c5fffe0ba96d) Importer(815301076,1909f56bfc062723c751e8b465ee728b)
Start importing Assets/Resource/Images/Effect/Sun/Sun_14.png using Guid(52fb12dd8a59a034d857c5fffe0ba96d) Importer(815301076,1909f56bfc062723c751e8b465ee728b) [PhysX] Initialized MultithreadedTaskDispatcher with 16 workers.
[PhysX] Initialized MultithreadedTaskDispatcher with 16 workers.
 -> (artifact id: 'bfa6cbe6169f3922c52687838c798037') in 0.086967 seconds
Number of updated asset objects reloaded before import = 0
Number of asset objects unloaded after import = 3
========================================================================
Received Import Request.
  Time since last request: 0.000015 seconds.
  path: Assets/Resource/Images/Effect/Sun/Sun_15.png
  artifactKey: Guid(e9205fca848176948aeaefab56baf5ec) Importer(815301076,1909f56bfc062723c751e8b465ee728b)
Start importing Assets/Resource/Images/Effect/Sun/Sun_15.png using Guid(e9205fca848176948aeaefab56baf5ec) Importer(815301076,1909f56bfc062723c751e8b465ee728b) [PhysX] Initialized MultithreadedTaskDispatcher with 16 workers.
[PhysX] Initialized MultithreadedTaskDispatcher with 16 workers.
 -> (artifact id: '284b657ba0cace18fed5fb2a388b819c') in 0.009072 seconds
Number of updated asset objects reloaded before import = 0
Number of asset objects unloaded after import = 3
Editor requested this worker to shutdown with reason: Scaling down because of idle timeout
TcpMessagingSession - receive error: operation aborted. errorcode: 995, details: 由于线程退出或应用程序请求，已中止 I/O 操作。
AssetImportWorker is now disconnected from the server
Process exiting
Exiting without the bug reporter. Application will terminate with return code 0