Using pre-set license
Built from '2022.3/china_unity/release' branch; Version is '2022.3.38f1c1 (b17906c7b2b6) revision 11630854'; Using compiler version '192829333'; Build Type 'Release'
OS: 'Windows 11  (10.0.22631) 64bit CoreCountrySpecific' Language: 'zh' Physical Memory: 16108 MB
BatchMode: 1, IsHumanControllingUs: 0, StartBugReporterOnCrash: 0, Is64bit: 1, IsPro: 1

COMMAND LINE ARGUMENTS:
D:\Program Files\UnityHub\Unity\2022.3.38f1c1\Editor\Unity.exe
-adb2
-batchMode
-noUpm
-name
AssetImportWorker10
-projectPath
E:/UnityProgram/PlantsVSZombies
-logFile
Logs/AssetImportWorker10.log
-srvPort
59099
Successfully changed project path to: E:/UnityProgram/PlantsVSZombies
E:/UnityProgram/PlantsVSZombies
[UnityMemory] Configuration Parameters - Can be set up in boot.config
    "memorysetup-bucket-allocator-granularity=16"
    "memorysetup-bucket-allocator-bucket-count=8"
    "memorysetup-bucket-allocator-block-size=33554432"
    "memorysetup-bucket-allocator-block-count=8"
    "memorysetup-main-allocator-block-size=16777216"
    "memorysetup-thread-allocator-block-size=16777216"
    "memorysetup-gfx-main-allocator-block-size=16777216"
    "memorysetup-gfx-thread-allocator-block-size=16777216"
    "memorysetup-cache-allocator-block-size=4194304"
    "memorysetup-typetree-allocator-block-size=2097152"
    "memorysetup-profiler-bucket-allocator-granularity=16"
    "memorysetup-profiler-bucket-allocator-bucket-count=8"
    "memorysetup-profiler-bucket-allocator-block-size=33554432"
    "memorysetup-profiler-bucket-allocator-block-count=8"
    "memorysetup-profiler-allocator-block-size=16777216"
    "memorysetup-profiler-editor-allocator-block-size=1048576"
    "memorysetup-temp-allocator-size-main=16777216"
    "memorysetup-job-temp-allocator-block-size=2097152"
    "memorysetup-job-temp-allocator-block-size-background=1048576"
    "memorysetup-job-temp-allocator-reduction-small-platforms=262144"
    "memorysetup-allocator-temp-initial-block-size-main=262144"
    "memorysetup-allocator-temp-initial-block-size-worker=262144"
    "memorysetup-temp-allocator-size-background-worker=32768"
    "memorysetup-temp-allocator-size-job-worker=262144"
    "memorysetup-temp-allocator-size-preload-manager=33554432"
    "memorysetup-temp-allocator-size-nav-mesh-worker=65536"
    "memorysetup-temp-allocator-size-audio-worker=65536"
    "memorysetup-temp-allocator-size-cloud-worker=32768"
    "memorysetup-temp-allocator-size-gi-baking-worker=262144"
    "memorysetup-temp-allocator-size-gfx=262144"
Player connection [23864]  Target information:

Player connection [23864]  * "[IP] 192.168.132.1 [Port] 0 [Flags] 2 [Guid] 2587357701 [EditorId] 2587357701 [Version] 1048832 [Id] WindowsEditor(7,Lianna) [Debug] 1 [PackageName] WindowsEditor [ProjectName] Editor" 

Player connection [23864]  * "[IP] 192.168.159.1 [Port] 0 [Flags] 2 [Guid] 2587357701 [EditorId] 2587357701 [Version] 1048832 [Id] WindowsEditor(7,Lianna) [Debug] 1 [PackageName] WindowsEditor [ProjectName] Editor" 

Player connection [23864]  * "[IP] 10.43.75.31 [Port] 0 [Flags] 2 [Guid] 2587357701 [EditorId] 2587357701 [Version] 1048832 [Id] WindowsEditor(7,Lianna) [Debug] 1 [PackageName] WindowsEditor [ProjectName] Editor" 

Player connection [23864] Host joined multi-casting on [225.0.0.222:54997]...
Player connection [23864] Host joined alternative multi-casting on [225.0.0.222:34997]...
[PhysX] Initialized MultithreadedTaskDispatcher with 16 workers.
Refreshing native plugins compatible for Editor in 25.33 ms, found 4 plugins.
Preloading 0 native plugins for Editor in 0.00 ms.
Initialize engine version: 2022.3.38f1c1 (b17906c7b2b6)
[Subsystems] Discovering subsystems at path D:/Program Files/UnityHub/Unity/2022.3.38f1c1/Editor/Data/Resources/UnitySubsystems
[Subsystems] Discovering subsystems at path E:/UnityProgram/PlantsVSZombies/Assets
GfxDevice: creating device client; threaded=0; jobified=0
Direct3D:
    Version:  Direct3D 11.0 [level 11.1]
    Renderer: NVIDIA GeForce RTX 4050 Laptop GPU (ID=0x28e1)
    Vendor:   NVIDIA
    VRAM:     5936 MB
    Driver:   31.0.15.4683
Initialize mono
Mono path[0] = 'D:/Program Files/UnityHub/Unity/2022.3.38f1c1/Editor/Data/Managed'
Mono path[1] = 'D:/Program Files/UnityHub/Unity/2022.3.38f1c1/Editor/Data/MonoBleedingEdge/lib/mono/unityjit-win32'
Mono config path = 'D:/Program Files/UnityHub/Unity/2022.3.38f1c1/Editor/Data/MonoBleedingEdge/etc'
Using monoOptions --debugger-agent=transport=dt_socket,embedding=1,server=y,suspend=n,address=127.0.0.1:56560
Begin MonoManager ReloadAssembly
Registering precompiled unity dll's ...
Register platform support module: D:/Program Files/UnityHub/Unity/2022.3.38f1c1/Editor/Data/PlaybackEngines/WebGLSupport/UnityEditor.WebGL.Extensions.dll
Register platform support module: D:/Program Files/UnityHub/Unity/2022.3.38f1c1/Editor/Data/PlaybackEngines/WindowsStandaloneSupport/UnityEditor.WindowsStandalone.Extensions.dll
Registered in 0.010773 seconds.
- Loaded All Assemblies, in  0.308 seconds
Native extension for WindowsStandalone target not found
Native extension for WebGL target not found
Mono: successfully reloaded assembly
- Finished resetting the current domain, in  0.184 seconds
Domain Reload Profiling: 485ms
	BeginReloadAssembly (117ms)
		ExecutionOrderSort (0ms)
		DisableScriptedObjects (0ms)
		BackupInstance (0ms)
		ReleaseScriptingObjects (0ms)
		CreateAndSetChildDomain (0ms)
	RebuildCommonClasses (24ms)
	RebuildNativeTypeToScriptingClass (7ms)
	initialDomainReloadingComplete (58ms)
	LoadAllAssembliesAndSetupDomain (95ms)
		LoadAssemblies (110ms)
		RebuildTransferFunctionScriptingTraits (0ms)
		AnalyzeDomain (93ms)
			TypeCache.Refresh (92ms)
				TypeCache.ScanAssembly (83ms)
			ScanForSourceGeneratedMonoScriptInfo (0ms)
			ResolveRequiredComponents (0ms)
	FinalizeReload (184ms)
		ReleaseScriptCaches (0ms)
		RebuildScriptCaches (0ms)
		SetupLoadedEditorAssemblies (146ms)
			LogAssemblyErrors (0ms)
			InitializePlatformSupportModulesInManaged (7ms)
			SetLoadedEditorAssemblies (3ms)
			RefreshPlugins (0ms)
			BeforeProcessingInitializeOnLoad (1ms)
			ProcessInitializeOnLoadAttributes (98ms)
			ProcessInitializeOnLoadMethodAttributes (36ms)
			AfterProcessingInitializeOnLoad (0ms)
			EditorAssembliesLoaded (0ms)
		ExecutionOrderSort2 (0ms)
		AwakeInstancesAfterBackupRestoration (0ms)
========================================================================
Worker process is ready to serve import requests
Begin MonoManager ReloadAssembly
- Loaded All Assemblies, in  0.592 seconds
Refreshing native plugins compatible for Editor in 9.21 ms, found 4 plugins.
Native extension for WindowsStandalone target not found
Native extension for WebGL target not found
Package Manager log level set to [2]
[Package Manager] Server::EnsureServerProcessIsRunning -- launch failed, reason: Unity was launched with the -noUpm command-line argument
[Package Manager] UpmClient::Send -- Unable to send message (not connected to UPM process).
[Package Manager] Cannot connect to Unity Package Manager local server
Mono: successfully reloaded assembly
- Finished resetting the current domain, in  0.536 seconds
Domain Reload Profiling: 1116ms
	BeginReloadAssembly (140ms)
		ExecutionOrderSort (0ms)
		DisableScriptedObjects (3ms)
		BackupInstance (0ms)
		ReleaseScriptingObjects (0ms)
		CreateAndSetChildDomain (14ms)
	RebuildCommonClasses (23ms)
	RebuildNativeTypeToScriptingClass (7ms)
	initialDomainReloadingComplete (46ms)
	LoadAllAssembliesAndSetupDomain (361ms)
		LoadAssemblies (325ms)
		RebuildTransferFunctionScriptingTraits (0ms)
		AnalyzeDomain (129ms)
			TypeCache.Refresh (110ms)
				TypeCache.ScanAssembly (98ms)
			ScanForSourceGeneratedMonoScriptInfo (15ms)
			ResolveRequiredComponents (3ms)
	FinalizeReload (538ms)
		ReleaseScriptCaches (0ms)
		RebuildScriptCaches (0ms)
		SetupLoadedEditorAssemblies (429ms)
			LogAssemblyErrors (0ms)
			InitializePlatformSupportModulesInManaged (5ms)
			SetLoadedEditorAssemblies (2ms)
			RefreshPlugins (0ms)
			BeforeProcessingInitializeOnLoad (54ms)
			ProcessInitializeOnLoadAttributes (327ms)
			ProcessInitializeOnLoadMethodAttributes (25ms)
			AfterProcessingInitializeOnLoad (16ms)
			EditorAssembliesLoaded (0ms)
		ExecutionOrderSort2 (0ms)
		AwakeInstancesAfterBackupRestoration (8ms)
Launched and connected shader compiler UnityShaderCompiler.exe after 0.06 seconds
Refreshing native plugins compatible for Editor in 11.83 ms, found 4 plugins.
Preloading 0 native plugins for Editor in 0.00 ms.
Unloading 4662 Unused Serialized files (Serialized files now loaded: 0)
Unloading 71 unused Assets / (246.0 KB). Loaded Objects now: 5120.
Memory consumption went from 158.6 MB to 158.4 MB.
Total: 2.834900 ms (FindLiveObjects: 0.228900 ms CreateObjectMapping: 0.089000 ms MarkObjects: 2.337500 ms  DeleteObjects: 0.178700 ms)

AssetImportParameters requested are different than current active one (requested -> active):
  custom:container-demuxer-ogg: 62fdf1f143b41e24485cea50d1cbac27 -> 
  custom:video-codec-MediaFoundation-h265: 746d11721c4dcdbdad8f713fa42b33f4 -> 
  custom:video-decoder-ogg-theora: a1e56fd34408186e4bbccfd4996cb3dc -> 
  custom:framework-win-MediaFoundation: 216162199b28c13a410421893ffa2e32 -> 
  custom:scripting/monoscript/fileName/IBulletSetting.cs: b73ebac615c8a403975aa1d4f87016ad -> 
  custom:CustomObjectIndexerAttribute: 9a22284fe3817be447336de3de66b15e -> 
  custom:container-demuxer-webm: 4f35f7cbe854078d1ac9338744f61a02 -> 
  custom:container-muxer-webm: aa71ff27fc2769a1b78a27578f13a17b -> 
  custom:video-decoder-webm-vp8: 9c59270c3fd7afecdb556c50c9e8de78 -> 
  custom:SearchIndexIgnoredProperties: e643bd26f0fe6173181afceb89e7c659 -> 
  custom:AudioImporter_EditorPlatform: d09bf68614088b80899f8185d706f6e7 -> 
  custom:video-encoder-webm-vp8: eb34c28f22e8b96e1ab97ce403110664 -> 
  custom:audio-decoder-ogg-vorbis: bf7c407c2cedff20999df2af8eb42d56 -> 
  custom:audio-encoder-webm-vorbis: bf7c407c2cedff20999df2af8eb42d56 -> 
========================================================================
Received Import Request.
  Time since last request: 40369.520054 seconds.
  path: Assets/Resource/Images/Effect/Sun/Sun_3.png
  artifactKey: Guid(59ae7f108977cf440ae095cdc1303e4d) Importer(815301076,1909f56bfc062723c751e8b465ee728b)
Start importing Assets/Resource/Images/Effect/Sun/Sun_3.png using Guid(59ae7f108977cf440ae095cdc1303e4d) Importer(815301076,1909f56bfc062723c751e8b465ee728b) [PhysX] Initialized MultithreadedTaskDispatcher with 16 workers.
[PhysX] Initialized MultithreadedTaskDispatcher with 16 workers.
 -> (artifact id: 'bc9536080b21c5e0577c080a5ef0f457') in 0.111689 seconds
Number of updated asset objects reloaded before import = 0
Number of asset objects unloaded after import = 3
========================================================================
Received Import Request.
  Time since last request: 0.000020 seconds.
  path: Assets/Resource/Images/Effect/Sun/Sun_17.png
  artifactKey: Guid(9a61d747ff565624287ae5895a6e6e08) Importer(815301076,1909f56bfc062723c751e8b465ee728b)
Start importing Assets/Resource/Images/Effect/Sun/Sun_17.png using Guid(9a61d747ff565624287ae5895a6e6e08) Importer(815301076,1909f56bfc062723c751e8b465ee728b) [PhysX] Initialized MultithreadedTaskDispatcher with 16 workers.
[PhysX] Initialized MultithreadedTaskDispatcher with 16 workers.
 -> (artifact id: '73ace8ea6354d0c35d4913c7590ce212') in 0.058651 seconds
Number of updated asset objects reloaded before import = 0
Number of asset objects unloaded after import = 3
========================================================================
Received Import Request.
  Time since last request: 0.000025 seconds.
  path: Assets/Resource/Images/Effect/Sun/Sun_11.png
  artifactKey: Guid(2e2d4cd31ee86ec4aaf6a32b553d6d9d) Importer(815301076,1909f56bfc062723c751e8b465ee728b)
Start importing Assets/Resource/Images/Effect/Sun/Sun_11.png using Guid(2e2d4cd31ee86ec4aaf6a32b553d6d9d) Importer(815301076,1909f56bfc062723c751e8b465ee728b) [PhysX] Initialized MultithreadedTaskDispatcher with 16 workers.
[PhysX] Initialized MultithreadedTaskDispatcher with 16 workers.
 -> (artifact id: 'cf3c4e717faa6dfe4002aa8d347d61e6') in 0.035636 seconds
Number of updated asset objects reloaded before import = 0
Number of asset objects unloaded after import = 3
========================================================================
Received Import Request.
  Time since last request: 0.000029 seconds.
  path: Assets/Resource/Images/Effect/Sun/Sun_8.png
  artifactKey: Guid(f4ad7c3409a5eda4599999561dfd7ea4) Importer(815301076,1909f56bfc062723c751e8b465ee728b)
Start importing Assets/Resource/Images/Effect/Sun/Sun_8.png using Guid(f4ad7c3409a5eda4599999561dfd7ea4) Importer(815301076,1909f56bfc062723c751e8b465ee728b) [PhysX] Initialized MultithreadedTaskDispatcher with 16 workers.
[PhysX] Initialized MultithreadedTaskDispatcher with 16 workers.
 -> (artifact id: '85b8a384c057ebf45a3fb0aeb728bc5b') in 0.006747 seconds
Number of updated asset objects reloaded before import = 0
Number of asset objects unloaded after import = 3
========================================================================
Received Import Request.
  Time since last request: 65.079416 seconds.
  path: Assets/Resource/Images/Effect/Sun/Sun_18.png
  artifactKey: Guid(fd518052f080bce4bbcb460387904ff5) Importer(815301076,1909f56bfc062723c751e8b465ee728b)
Start importing Assets/Resource/Images/Effect/Sun/Sun_18.png using Guid(fd518052f080bce4bbcb460387904ff5) Importer(815301076,1909f56bfc062723c751e8b465ee728b) [PhysX] Initialized MultithreadedTaskDispatcher with 16 workers.
[PhysX] Initialized MultithreadedTaskDispatcher with 16 workers.
 -> (artifact id: '568e9be45b01784c02516a6046c65906') in 0.035248 seconds
Number of updated asset objects reloaded before import = 0
Number of asset objects unloaded after import = 3
========================================================================
Received Import Request.
  Time since last request: 0.056041 seconds.
  path: Assets/Resource/Images/Effect/Sun/Sun_20.png
  artifactKey: Guid(5c4006da03fd5324a8b8cb8c01991cd2) Importer(815301076,1909f56bfc062723c751e8b465ee728b)
Start importing Assets/Resource/Images/Effect/Sun/Sun_20.png using Guid(5c4006da03fd5324a8b8cb8c01991cd2) Importer(815301076,1909f56bfc062723c751e8b465ee728b) [PhysX] Initialized MultithreadedTaskDispatcher with 16 workers.
[PhysX] Initialized MultithreadedTaskDispatcher with 16 workers.
 -> (artifact id: '9d7e7cc2365ea0dc0040745ff4598342') in 0.022988 seconds
Number of updated asset objects reloaded before import = 0
Number of asset objects unloaded after import = 3
========================================================================
Received Import Request.
  Time since last request: 37.266073 seconds.
  path: Assets/Resource/Images/Effect/Sun/Sun_13.png
  artifactKey: Guid(8c8bbbec5ebd2564f9e16afd2554b9a3) Importer(815301076,1909f56bfc062723c751e8b465ee728b)
Start importing Assets/Resource/Images/Effect/Sun/Sun_13.png using Guid(8c8bbbec5ebd2564f9e16afd2554b9a3) Importer(815301076,1909f56bfc062723c751e8b465ee728b) [PhysX] Initialized MultithreadedTaskDispatcher with 16 workers.
[PhysX] Initialized MultithreadedTaskDispatcher with 16 workers.
 -> (artifact id: 'd77d139518ddf176ed6de6fe3303b31f') in 0.021868 seconds
Number of updated asset objects reloaded before import = 0
Number of asset objects unloaded after import = 3
========================================================================
Received Import Request.
  Time since last request: 0.041507 seconds.
  path: Assets/Resource/Images/Effect/Sun/Sun_17.png
  artifactKey: Guid(9a61d747ff565624287ae5895a6e6e08) Importer(815301076,1909f56bfc062723c751e8b465ee728b)
Start importing Assets/Resource/Images/Effect/Sun/Sun_17.png using Guid(9a61d747ff565624287ae5895a6e6e08) Importer(815301076,1909f56bfc062723c751e8b465ee728b) [PhysX] Initialized MultithreadedTaskDispatcher with 16 workers.
[PhysX] Initialized MultithreadedTaskDispatcher with 16 workers.
 -> (artifact id: 'eae6044ec3c59abcf9b8b01254f49bba') in 0.049667 seconds
Number of updated asset objects reloaded before import = 0
Number of asset objects unloaded after import = 3
========================================================================
Received Import Request.
  Time since last request: 0.000017 seconds.
  path: Assets/Resource/Images/Effect/Sun/Sun_22.png
  artifactKey: Guid(47a0fd8266926d54d93cc1ca99849e36) Importer(815301076,1909f56bfc062723c751e8b465ee728b)
Start importing Assets/Resource/Images/Effect/Sun/Sun_22.png using Guid(47a0fd8266926d54d93cc1ca99849e36) Importer(815301076,1909f56bfc062723c751e8b465ee728b) [PhysX] Initialized MultithreadedTaskDispatcher with 16 workers.
[PhysX] Initialized MultithreadedTaskDispatcher with 16 workers.
 -> (artifact id: 'd4cd903587bc786a053f25a445cfe506') in 0.023531 seconds
Number of updated asset objects reloaded before import = 0
Number of asset objects unloaded after import = 3
========================================================================
Received Import Request.
  Time since last request: 3.586598 seconds.
  path: Assets/Resource/Images/Effect/Sun/Sun_14.png
  artifactKey: Guid(52fb12dd8a59a034d857c5fffe0ba96d) Importer(815301076,1909f56bfc062723c751e8b465ee728b)
Start importing Assets/Resource/Images/Effect/Sun/Sun_14.png using Guid(52fb12dd8a59a034d857c5fffe0ba96d) Importer(815301076,1909f56bfc062723c751e8b465ee728b) [PhysX] Initialized MultithreadedTaskDispatcher with 16 workers.
[PhysX] Initialized MultithreadedTaskDispatcher with 16 workers.
 -> (artifact id: 'd27757bb797329cd307100dd3aceeed9') in 0.007728 seconds
Number of updated asset objects reloaded before import = 0
Number of asset objects unloaded after import = 3
========================================================================
Received Import Request.
  Time since last request: 0.000017 seconds.
  path: Assets/Resource/Images/Effect/Sun/Sun_16.png
  artifactKey: Guid(77a92af48e80df84c9576b75e128d996) Importer(815301076,1909f56bfc062723c751e8b465ee728b)
Start importing Assets/Resource/Images/Effect/Sun/Sun_16.png using Guid(77a92af48e80df84c9576b75e128d996) Importer(815301076,1909f56bfc062723c751e8b465ee728b) [PhysX] Initialized MultithreadedTaskDispatcher with 16 workers.
[PhysX] Initialized MultithreadedTaskDispatcher with 16 workers.
 -> (artifact id: 'e372c323f2183c89615b1ed2350847ab') in 0.008748 seconds
Number of updated asset objects reloaded before import = 0
Number of asset objects unloaded after import = 3
========================================================================
Received Import Request.
  Time since last request: 0.000018 seconds.
  path: Assets/Resource/Images/Effect/Sun/Sun_22.png
  artifactKey: Guid(47a0fd8266926d54d93cc1ca99849e36) Importer(815301076,1909f56bfc062723c751e8b465ee728b)
Start importing Assets/Resource/Images/Effect/Sun/Sun_22.png using Guid(47a0fd8266926d54d93cc1ca99849e36) Importer(815301076,1909f56bfc062723c751e8b465ee728b) [PhysX] Initialized MultithreadedTaskDispatcher with 16 workers.
[PhysX] Initialized MultithreadedTaskDispatcher with 16 workers.
 -> (artifact id: 'b21ddc1252ff02d0744a8d47fe2b19ea') in 0.008474 seconds
Number of updated asset objects reloaded before import = 0
Number of asset objects unloaded after import = 3
========================================================================
Received Import Request.
  Time since last request: 3.270413 seconds.
  path: Assets/Resource/Images/Effect/Sun/Sun_15.png
  artifactKey: Guid(e9205fca848176948aeaefab56baf5ec) Importer(815301076,1909f56bfc062723c751e8b465ee728b)
Start importing Assets/Resource/Images/Effect/Sun/Sun_15.png using Guid(e9205fca848176948aeaefab56baf5ec) Importer(815301076,1909f56bfc062723c751e8b465ee728b) [PhysX] Initialized MultithreadedTaskDispatcher with 16 workers.
[PhysX] Initialized MultithreadedTaskDispatcher with 16 workers.
 -> (artifact id: 'e6ba3c4286be7f0471c2d6d255dee2e8') in 0.077676 seconds
Number of updated asset objects reloaded before import = 0
Number of asset objects unloaded after import = 3
========================================================================
Received Import Request.
  Time since last request: 0.000021 seconds.
  path: Assets/Resource/Images/Effect/Sun/Sun_17.png
  artifactKey: Guid(9a61d747ff565624287ae5895a6e6e08) Importer(815301076,1909f56bfc062723c751e8b465ee728b)
Start importing Assets/Resource/Images/Effect/Sun/Sun_17.png using Guid(9a61d747ff565624287ae5895a6e6e08) Importer(815301076,1909f56bfc062723c751e8b465ee728b) [PhysX] Initialized MultithreadedTaskDispatcher with 16 workers.
[PhysX] Initialized MultithreadedTaskDispatcher with 16 workers.
 -> (artifact id: '4c62485815067f911beba962d36949a6') in 0.096266 seconds
Number of updated asset objects reloaded before import = 0
Number of asset objects unloaded after import = 3
========================================================================
Received Import Request.
  Time since last request: 7.147293 seconds.
  path: Assets/Resource/Images/Effect/Sun/Sun_15.png
  artifactKey: Guid(e9205fca848176948aeaefab56baf5ec) Importer(815301076,1909f56bfc062723c751e8b465ee728b)
Start importing Assets/Resource/Images/Effect/Sun/Sun_15.png using Guid(e9205fca848176948aeaefab56baf5ec) Importer(815301076,1909f56bfc062723c751e8b465ee728b) [PhysX] Initialized MultithreadedTaskDispatcher with 16 workers.
[PhysX] Initialized MultithreadedTaskDispatcher with 16 workers.
 -> (artifact id: '8600955daa21782b7ed9c62aeda15bf5') in 0.078470 seconds
Number of updated asset objects reloaded before import = 0
Number of asset objects unloaded after import = 3
========================================================================
Received Import Request.
  Time since last request: 0.000021 seconds.
  path: Assets/Resource/Images/Effect/Sun/Sun_17.png
  artifactKey: Guid(9a61d747ff565624287ae5895a6e6e08) Importer(815301076,1909f56bfc062723c751e8b465ee728b)
Start importing Assets/Resource/Images/Effect/Sun/Sun_17.png using Guid(9a61d747ff565624287ae5895a6e6e08) Importer(815301076,1909f56bfc062723c751e8b465ee728b) [PhysX] Initialized MultithreadedTaskDispatcher with 16 workers.
[PhysX] Initialized MultithreadedTaskDispatcher with 16 workers.
 -> (artifact id: '23d6b9355e3e37b815ab1472dc08283d') in 0.069014 seconds
Number of updated asset objects reloaded before import = 0
Number of asset objects unloaded after import = 3
Editor requested this worker to shutdown with reason: Scaling down because of idle timeout
TcpMessagingSession - receive error: operation aborted. errorcode: 995, details: 由于线程退出或应用程序请求，已中止 I/O 操作。
AssetImportWorker is now disconnected from the server
Process exiting
Exiting without the bug reporter. Application will terminate with return code 0