Using pre-set license
Built from '2022.3/china_unity/release' branch; Version is '2022.3.38f1c1 (b17906c7b2b6) revision 11630854'; Using compiler version '192829333'; Build Type 'Release'
OS: 'Windows 11  (10.0.22631) 64bit CoreCountrySpecific' Language: 'zh' Physical Memory: 16108 MB
BatchMode: 1, IsHumanControllingUs: 0, StartBugReporterOnCrash: 0, Is64bit: 1, IsPro: 1

COMMAND LINE ARGUMENTS:
D:\Program Files\UnityHub\Unity\2022.3.38f1c1\Editor\Unity.exe
-adb2
-batchMode
-noUpm
-name
AssetImportWorker0
-projectPath
E:/UnityProgram/PlantsVSZombies
-logFile
Logs/AssetImportWorker0.log
-srvPort
58580
Successfully changed project path to: E:/UnityProgram/PlantsVSZombies
E:/UnityProgram/PlantsVSZombies
[UnityMemory] Configuration Parameters - Can be set up in boot.config
    "memorysetup-bucket-allocator-granularity=16"
    "memorysetup-bucket-allocator-bucket-count=8"
    "memorysetup-bucket-allocator-block-size=33554432"
    "memorysetup-bucket-allocator-block-count=8"
    "memorysetup-main-allocator-block-size=16777216"
    "memorysetup-thread-allocator-block-size=16777216"
    "memorysetup-gfx-main-allocator-block-size=16777216"
    "memorysetup-gfx-thread-allocator-block-size=16777216"
    "memorysetup-cache-allocator-block-size=4194304"
    "memorysetup-typetree-allocator-block-size=2097152"
    "memorysetup-profiler-bucket-allocator-granularity=16"
    "memorysetup-profiler-bucket-allocator-bucket-count=8"
    "memorysetup-profiler-bucket-allocator-block-size=33554432"
    "memorysetup-profiler-bucket-allocator-block-count=8"
    "memorysetup-profiler-allocator-block-size=16777216"
    "memorysetup-profiler-editor-allocator-block-size=1048576"
    "memorysetup-temp-allocator-size-main=16777216"
    "memorysetup-job-temp-allocator-block-size=2097152"
    "memorysetup-job-temp-allocator-block-size-background=1048576"
    "memorysetup-job-temp-allocator-reduction-small-platforms=262144"
    "memorysetup-allocator-temp-initial-block-size-main=262144"
    "memorysetup-allocator-temp-initial-block-size-worker=262144"
    "memorysetup-temp-allocator-size-background-worker=32768"
    "memorysetup-temp-allocator-size-job-worker=262144"
    "memorysetup-temp-allocator-size-preload-manager=33554432"
    "memorysetup-temp-allocator-size-nav-mesh-worker=65536"
    "memorysetup-temp-allocator-size-audio-worker=65536"
    "memorysetup-temp-allocator-size-cloud-worker=32768"
    "memorysetup-temp-allocator-size-gi-baking-worker=262144"
    "memorysetup-temp-allocator-size-gfx=262144"
Player connection [11248]  Target information:

Player connection [11248]  * "[IP] 192.168.132.1 [Port] 0 [Flags] 2 [Guid] 194142490 [EditorId] 194142490 [Version] 1048832 [Id] WindowsEditor(7,Lianna) [Debug] 1 [PackageName] WindowsEditor [ProjectName] Editor" 

Player connection [11248]  * "[IP] 192.168.159.1 [Port] 0 [Flags] 2 [Guid] 194142490 [EditorId] 194142490 [Version] 1048832 [Id] WindowsEditor(7,Lianna) [Debug] 1 [PackageName] WindowsEditor [ProjectName] Editor" 

Player connection [11248]  * "[IP] 10.43.75.31 [Port] 0 [Flags] 2 [Guid] 194142490 [EditorId] 194142490 [Version] 1048832 [Id] WindowsEditor(7,Lianna) [Debug] 1 [PackageName] WindowsEditor [ProjectName] Editor" 

Player connection [11248] Host joined multi-casting on [225.0.0.222:54997]...
Player connection [11248] Host joined alternative multi-casting on [225.0.0.222:34997]...
[PhysX] Initialized MultithreadedTaskDispatcher with 16 workers.
Refreshing native plugins compatible for Editor in 26.06 ms, found 4 plugins.
Preloading 0 native plugins for Editor in 0.00 ms.
Initialize engine version: 2022.3.38f1c1 (b17906c7b2b6)
[Subsystems] Discovering subsystems at path D:/Program Files/UnityHub/Unity/2022.3.38f1c1/Editor/Data/Resources/UnitySubsystems
[Subsystems] Discovering subsystems at path E:/UnityProgram/PlantsVSZombies/Assets
GfxDevice: creating device client; threaded=0; jobified=0
Direct3D:
    Version:  Direct3D 11.0 [level 11.1]
    Renderer: NVIDIA GeForce RTX 4050 Laptop GPU (ID=0x28e1)
    Vendor:   NVIDIA
    VRAM:     5936 MB
    Driver:   31.0.15.4683
Initialize mono
Mono path[0] = 'D:/Program Files/UnityHub/Unity/2022.3.38f1c1/Editor/Data/Managed'
Mono path[1] = 'D:/Program Files/UnityHub/Unity/2022.3.38f1c1/Editor/Data/MonoBleedingEdge/lib/mono/unityjit-win32'
Mono config path = 'D:/Program Files/UnityHub/Unity/2022.3.38f1c1/Editor/Data/MonoBleedingEdge/etc'
Using monoOptions --debugger-agent=transport=dt_socket,embedding=1,server=y,suspend=n,address=127.0.0.1:56012
Begin MonoManager ReloadAssembly
Registering precompiled unity dll's ...
Register platform support module: D:/Program Files/UnityHub/Unity/2022.3.38f1c1/Editor/Data/PlaybackEngines/WebGLSupport/UnityEditor.WebGL.Extensions.dll
Register platform support module: D:/Program Files/UnityHub/Unity/2022.3.38f1c1/Editor/Data/PlaybackEngines/WindowsStandaloneSupport/UnityEditor.WindowsStandalone.Extensions.dll
Registered in 0.009229 seconds.
- Loaded All Assemblies, in  0.347 seconds
Native extension for WindowsStandalone target not found
Native extension for WebGL target not found
Mono: successfully reloaded assembly
- Finished resetting the current domain, in  0.214 seconds
Domain Reload Profiling: 556ms
	BeginReloadAssembly (128ms)
		ExecutionOrderSort (0ms)
		DisableScriptedObjects (0ms)
		BackupInstance (0ms)
		ReleaseScriptingObjects (0ms)
		CreateAndSetChildDomain (1ms)
	RebuildCommonClasses (27ms)
	RebuildNativeTypeToScriptingClass (11ms)
	initialDomainReloadingComplete (65ms)
	LoadAllAssembliesAndSetupDomain (111ms)
		LoadAssemblies (121ms)
		RebuildTransferFunctionScriptingTraits (0ms)
		AnalyzeDomain (108ms)
			TypeCache.Refresh (107ms)
				TypeCache.ScanAssembly (96ms)
			ScanForSourceGeneratedMonoScriptInfo (0ms)
			ResolveRequiredComponents (0ms)
	FinalizeReload (214ms)
		ReleaseScriptCaches (0ms)
		RebuildScriptCaches (0ms)
		SetupLoadedEditorAssemblies (173ms)
			LogAssemblyErrors (0ms)
			InitializePlatformSupportModulesInManaged (8ms)
			SetLoadedEditorAssemblies (5ms)
			RefreshPlugins (0ms)
			BeforeProcessingInitializeOnLoad (2ms)
			ProcessInitializeOnLoadAttributes (113ms)
			ProcessInitializeOnLoadMethodAttributes (45ms)
			AfterProcessingInitializeOnLoad (0ms)
			EditorAssembliesLoaded (0ms)
		ExecutionOrderSort2 (0ms)
		AwakeInstancesAfterBackupRestoration (0ms)
========================================================================
Worker process is ready to serve import requests
Begin MonoManager ReloadAssembly
- Loaded All Assemblies, in  0.702 seconds
Refreshing native plugins compatible for Editor in 10.65 ms, found 4 plugins.
Native extension for WindowsStandalone target not found
Native extension for WebGL target not found
Package Manager log level set to [2]
[Package Manager] Server::EnsureServerProcessIsRunning -- launch failed, reason: Unity was launched with the -noUpm command-line argument
[Package Manager] UpmClient::Send -- Unable to send message (not connected to UPM process).
[Package Manager] Cannot connect to Unity Package Manager local server
Mono: successfully reloaded assembly
- Finished resetting the current domain, in  0.641 seconds
Domain Reload Profiling: 1327ms
	BeginReloadAssembly (186ms)
		ExecutionOrderSort (0ms)
		DisableScriptedObjects (4ms)
		BackupInstance (0ms)
		ReleaseScriptingObjects (0ms)
		CreateAndSetChildDomain (17ms)
	RebuildCommonClasses (24ms)
	RebuildNativeTypeToScriptingClass (7ms)
	initialDomainReloadingComplete (49ms)
	LoadAllAssembliesAndSetupDomain (419ms)
		LoadAssemblies (396ms)
		RebuildTransferFunctionScriptingTraits (0ms)
		AnalyzeDomain (146ms)
			TypeCache.Refresh (124ms)
				TypeCache.ScanAssembly (109ms)
			ScanForSourceGeneratedMonoScriptInfo (18ms)
			ResolveRequiredComponents (3ms)
	FinalizeReload (641ms)
		ReleaseScriptCaches (0ms)
		RebuildScriptCaches (0ms)
		SetupLoadedEditorAssemblies (502ms)
			LogAssemblyErrors (0ms)
			InitializePlatformSupportModulesInManaged (8ms)
			SetLoadedEditorAssemblies (2ms)
			RefreshPlugins (0ms)
			BeforeProcessingInitializeOnLoad (61ms)
			ProcessInitializeOnLoadAttributes (383ms)
			ProcessInitializeOnLoadMethodAttributes (31ms)
			AfterProcessingInitializeOnLoad (16ms)
			EditorAssembliesLoaded (0ms)
		ExecutionOrderSort2 (0ms)
		AwakeInstancesAfterBackupRestoration (7ms)
Launched and connected shader compiler UnityShaderCompiler.exe after 0.05 seconds
Refreshing native plugins compatible for Editor in 11.23 ms, found 4 plugins.
Preloading 0 native plugins for Editor in 0.00 ms.
Unloading 4694 Unused Serialized files (Serialized files now loaded: 0)
Unloading 73 unused Assets / (246.1 KB). Loaded Objects now: 5156.
Memory consumption went from 163.2 MB to 162.9 MB.
Total: 3.646500 ms (FindLiveObjects: 0.234700 ms CreateObjectMapping: 0.133800 ms MarkObjects: 3.053400 ms  DeleteObjects: 0.223100 ms)

AssetImportParameters requested are different than current active one (requested -> active):
  custom:container-demuxer-ogg: 62fdf1f143b41e24485cea50d1cbac27 -> 
  custom:video-codec-MediaFoundation-h265: 746d11721c4dcdbdad8f713fa42b33f4 -> 
  custom:video-decoder-ogg-theora: a1e56fd34408186e4bbccfd4996cb3dc -> 
  custom:framework-win-MediaFoundation: 216162199b28c13a410421893ffa2e32 -> 
  custom:CustomObjectIndexerAttribute: 9a22284fe3817be447336de3de66b15e -> 
  custom:container-demuxer-webm: 4f35f7cbe854078d1ac9338744f61a02 -> 
  custom:container-muxer-webm: aa71ff27fc2769a1b78a27578f13a17b -> 
  custom:video-decoder-webm-vp8: 9c59270c3fd7afecdb556c50c9e8de78 -> 
  custom:SearchIndexIgnoredProperties: e643bd26f0fe6173181afceb89e7c659 -> 
  custom:AudioImporter_EditorPlatform: d09bf68614088b80899f8185d706f6e7 -> 
  custom:video-encoder-webm-vp8: eb34c28f22e8b96e1ab97ce403110664 -> 
  custom:audio-decoder-ogg-vorbis: bf7c407c2cedff20999df2af8eb42d56 -> 
  custom:audio-encoder-webm-vorbis: bf7c407c2cedff20999df2af8eb42d56 -> 
========================================================================
Received Import Request.
  Time since last request: 1055.877213 seconds.
  path: Assets/Resource/Images/Zombies/Zombie/Eat/ZombieAttack_4.png
  artifactKey: Guid(2b0fc87000bf4754ea55f796931e6dd0) Importer(815301076,1909f56bfc062723c751e8b465ee728b)
Start importing Assets/Resource/Images/Zombies/Zombie/Eat/ZombieAttack_4.png using Guid(2b0fc87000bf4754ea55f796931e6dd0) Importer(815301076,1909f56bfc062723c751e8b465ee728b) [PhysX] Initialized MultithreadedTaskDispatcher with 16 workers.
[PhysX] Initialized MultithreadedTaskDispatcher with 16 workers.
 -> (artifact id: '7baed03a3f613365ed440c6926a0e88a') in 0.058404 seconds
Number of updated asset objects reloaded before import = 0
Number of asset objects unloaded after import = 3
========================================================================
Received Import Request.
  Time since last request: 0.000032 seconds.
  path: Assets/Resource/Images/Zombies/Zombie/Eat/ZombieAttack_10.png
  artifactKey: Guid(9d3a14bf5e66ae34eb5cc87e8e2068d1) Importer(815301076,1909f56bfc062723c751e8b465ee728b)
Start importing Assets/Resource/Images/Zombies/Zombie/Eat/ZombieAttack_10.png using Guid(9d3a14bf5e66ae34eb5cc87e8e2068d1) Importer(815301076,1909f56bfc062723c751e8b465ee728b) [PhysX] Initialized MultithreadedTaskDispatcher with 16 workers.
[PhysX] Initialized MultithreadedTaskDispatcher with 16 workers.
 -> (artifact id: 'a6f9943e5ae15558080478dac3960eff') in 0.008788 seconds
Number of updated asset objects reloaded before import = 0
Number of asset objects unloaded after import = 3
========================================================================
Received Import Request.
  Time since last request: 0.000031 seconds.
  path: Assets/Resource/Images/Zombies/Zombie/Back/zombiec5.png
  artifactKey: Guid(f358ac35a641f924c8126aeac7bb6364) Importer(815301076,1909f56bfc062723c751e8b465ee728b)
Start importing Assets/Resource/Images/Zombies/Zombie/Back/zombiec5.png using Guid(f358ac35a641f924c8126aeac7bb6364) Importer(815301076,1909f56bfc062723c751e8b465ee728b) [PhysX] Initialized MultithreadedTaskDispatcher with 16 workers.
[PhysX] Initialized MultithreadedTaskDispatcher with 16 workers.
 -> (artifact id: '45aecd85b2221a714b02533e739993d5') in 0.009688 seconds
Number of updated asset objects reloaded before import = 0
Number of asset objects unloaded after import = 3
========================================================================
Received Import Request.
  Time since last request: 0.000027 seconds.
  path: Assets/Resource/Images/Zombies/Zombie/Die/ZombieDie_1.png
  artifactKey: Guid(93e83291c26c1834e91785bb5f0b86a5) Importer(815301076,1909f56bfc062723c751e8b465ee728b)
Start importing Assets/Resource/Images/Zombies/Zombie/Die/ZombieDie_1.png using Guid(93e83291c26c1834e91785bb5f0b86a5) Importer(815301076,1909f56bfc062723c751e8b465ee728b) [PhysX] Initialized MultithreadedTaskDispatcher with 16 workers.
[PhysX] Initialized MultithreadedTaskDispatcher with 16 workers.
 -> (artifact id: 'fc2d82cd7be0ef74f23d177b75700294') in 0.008328 seconds
Number of updated asset objects reloaded before import = 0
Number of asset objects unloaded after import = 3
========================================================================
Received Import Request.
  Time since last request: 0.174237 seconds.
  path: Assets/Resource/Images/Zombies/Zombie/LostHead/ZombieHead_2.png
  artifactKey: Guid(db45a4bc04403834485cc7d2b16b75b2) Importer(815301076,1909f56bfc062723c751e8b465ee728b)
Start importing Assets/Resource/Images/Zombies/Zombie/LostHead/ZombieHead_2.png using Guid(db45a4bc04403834485cc7d2b16b75b2) Importer(815301076,1909f56bfc062723c751e8b465ee728b) [PhysX] Initialized MultithreadedTaskDispatcher with 16 workers.
[PhysX] Initialized MultithreadedTaskDispatcher with 16 workers.
 -> (artifact id: '8b71aacb80ba9d509418544ca200fa83') in 0.018933 seconds
Number of updated asset objects reloaded before import = 0
Number of asset objects unloaded after import = 3
========================================================================
Received Import Request.
  Time since last request: 0.000036 seconds.
  path: Assets/Resource/Images/Zombies/Zombie/LostHead/ZombieHead_6.png
  artifactKey: Guid(d6458bbdf52f7d94bb03823173d64a41) Importer(815301076,1909f56bfc062723c751e8b465ee728b)
Start importing Assets/Resource/Images/Zombies/Zombie/LostHead/ZombieHead_6.png using Guid(d6458bbdf52f7d94bb03823173d64a41) Importer(815301076,1909f56bfc062723c751e8b465ee728b) [PhysX] Initialized MultithreadedTaskDispatcher with 16 workers.
[PhysX] Initialized MultithreadedTaskDispatcher with 16 workers.
 -> (artifact id: '45c49c47818b01fca79c9fe6b7018981') in 0.014530 seconds
Number of updated asset objects reloaded before import = 0
Number of asset objects unloaded after import = 3
========================================================================
Received Import Request.
  Time since last request: 0.000038 seconds.
  path: Assets/Resource/Images/Zombies/Zombie/LostHead/ZombieHead_11.png
  artifactKey: Guid(3bef8546e0e1a4d458b31b8a6031d13e) Importer(815301076,1909f56bfc062723c751e8b465ee728b)
Start importing Assets/Resource/Images/Zombies/Zombie/LostHead/ZombieHead_11.png using Guid(3bef8546e0e1a4d458b31b8a6031d13e) Importer(815301076,1909f56bfc062723c751e8b465ee728b) [PhysX] Initialized MultithreadedTaskDispatcher with 16 workers.
[PhysX] Initialized MultithreadedTaskDispatcher with 16 workers.
 -> (artifact id: '7c654ebbe97187a026d6da3c0e1ae84a') in 0.014311 seconds
Number of updated asset objects reloaded before import = 0
Number of asset objects unloaded after import = 3
========================================================================
Received Import Request.
  Time since last request: 1.458017 seconds.
  path: Assets/Resource/Images/Zombies/Zombie/LostHeadEat/ZombieLostHeadAttack_2.png
  artifactKey: Guid(f8be3d7c8cb4c01459f91f2eaf9bad48) Importer(815301076,1909f56bfc062723c751e8b465ee728b)
Start importing Assets/Resource/Images/Zombies/Zombie/LostHeadEat/ZombieLostHeadAttack_2.png using Guid(f8be3d7c8cb4c01459f91f2eaf9bad48) Importer(815301076,1909f56bfc062723c751e8b465ee728b) [PhysX] Initialized MultithreadedTaskDispatcher with 16 workers.
[PhysX] Initialized MultithreadedTaskDispatcher with 16 workers.
 -> (artifact id: 'b030ea8bd427aa965478ea9709ef9d3f') in 0.031810 seconds
Number of updated asset objects reloaded before import = 0
Number of asset objects unloaded after import = 3
========================================================================
Received Import Request.
  Time since last request: 0.000042 seconds.
  path: Assets/Resource/Images/Zombies/Zombie/LostHeadEat/ZombieLostHeadAttack_6.png
  artifactKey: Guid(8701e36a6e0744b42aa90ae4e5715504) Importer(815301076,1909f56bfc062723c751e8b465ee728b)
Start importing Assets/Resource/Images/Zombies/Zombie/LostHeadEat/ZombieLostHeadAttack_6.png using Guid(8701e36a6e0744b42aa90ae4e5715504) Importer(815301076,1909f56bfc062723c751e8b465ee728b) [PhysX] Initialized MultithreadedTaskDispatcher with 16 workers.
[PhysX] Initialized MultithreadedTaskDispatcher with 16 workers.
 -> (artifact id: '1d639df4f29f7d6b70aa31a7485b821e') in 0.022113 seconds
Number of updated asset objects reloaded before import = 0
Number of asset objects unloaded after import = 3
========================================================================
Received Import Request.
  Time since last request: 0.000022 seconds.
  path: Assets/Resource/Images/Zombies/Zombie/LostHeadEat/ZombieLostHeadAttack_8.png
  artifactKey: Guid(3d153824fafe6d24897c37b71872ab0d) Importer(815301076,1909f56bfc062723c751e8b465ee728b)
Start importing Assets/Resource/Images/Zombies/Zombie/LostHeadEat/ZombieLostHeadAttack_8.png using Guid(3d153824fafe6d24897c37b71872ab0d) Importer(815301076,1909f56bfc062723c751e8b465ee728b) [PhysX] Initialized MultithreadedTaskDispatcher with 16 workers.
[PhysX] Initialized MultithreadedTaskDispatcher with 16 workers.
 -> (artifact id: '987c56bf257bf4dbf19ff506bea768df') in 0.020338 seconds
Number of updated asset objects reloaded before import = 0
Number of asset objects unloaded after import = 3
========================================================================
Received Import Request.
  Time since last request: 0.697250 seconds.
  path: Assets/Resource/Images/Zombies/Zombie/LostHeadMove/ZombieLostHead_2.png
  artifactKey: Guid(ef76b8e963b0f23418b95803325973b7) Importer(815301076,1909f56bfc062723c751e8b465ee728b)
Start importing Assets/Resource/Images/Zombies/Zombie/LostHeadMove/ZombieLostHead_2.png using Guid(ef76b8e963b0f23418b95803325973b7) Importer(815301076,1909f56bfc062723c751e8b465ee728b) [PhysX] Initialized MultithreadedTaskDispatcher with 16 workers.
[PhysX] Initialized MultithreadedTaskDispatcher with 16 workers.
 -> (artifact id: 'cb0fb4825d9f7eddc922db6eb941a5ab') in 0.068692 seconds
Number of updated asset objects reloaded before import = 0
Number of asset objects unloaded after import = 3
========================================================================
Received Import Request.
  Time since last request: 0.000015 seconds.
  path: Assets/Resource/Images/Zombies/Zombie/LostHeadMove/ZombieLostHead_7.png
  artifactKey: Guid(7d30202ac28bfcc4ab2780784c18cde8) Importer(815301076,1909f56bfc062723c751e8b465ee728b)
Start importing Assets/Resource/Images/Zombies/Zombie/LostHeadMove/ZombieLostHead_7.png using Guid(7d30202ac28bfcc4ab2780784c18cde8) Importer(815301076,1909f56bfc062723c751e8b465ee728b) [PhysX] Initialized MultithreadedTaskDispatcher with 16 workers.
[PhysX] Initialized MultithreadedTaskDispatcher with 16 workers.
 -> (artifact id: '97bd7615784c42a8bf2624cd17147eab') in 0.009563 seconds
Number of updated asset objects reloaded before import = 0
Number of asset objects unloaded after import = 3
========================================================================
Received Import Request.
  Time since last request: 0.000020 seconds.
  path: Assets/Resource/Images/Zombies/Zombie/LostHeadMove/ZombieLostHead_8.png
  artifactKey: Guid(4b41968e8e6a45c4ebfab84355787771) Importer(815301076,1909f56bfc062723c751e8b465ee728b)
Start importing Assets/Resource/Images/Zombies/Zombie/LostHeadMove/ZombieLostHead_8.png using Guid(4b41968e8e6a45c4ebfab84355787771) Importer(815301076,1909f56bfc062723c751e8b465ee728b) [PhysX] Initialized MultithreadedTaskDispatcher with 16 workers.
[PhysX] Initialized MultithreadedTaskDispatcher with 16 workers.
 -> (artifact id: '58acb31e526b6df073eeb30ac8586e92') in 0.008600 seconds
Number of updated asset objects reloaded before import = 0
Number of asset objects unloaded after import = 3
========================================================================
Received Import Request.
  Time since last request: 0.838341 seconds.
  path: Assets/Resource/Images/Zombies/Zombie/Move1/Zombie2_2.png
  artifactKey: Guid(787111851b15f2a4e8d677c6aa0042a6) Importer(815301076,1909f56bfc062723c751e8b465ee728b)
Start importing Assets/Resource/Images/Zombies/Zombie/Move1/Zombie2_2.png using Guid(787111851b15f2a4e8d677c6aa0042a6) Importer(815301076,1909f56bfc062723c751e8b465ee728b) [PhysX] Initialized MultithreadedTaskDispatcher with 16 workers.
[PhysX] Initialized MultithreadedTaskDispatcher with 16 workers.
 -> (artifact id: '4493577b8620dc9c2dd75aeabca34321') in 0.012555 seconds
Number of updated asset objects reloaded before import = 0
Number of asset objects unloaded after import = 3
========================================================================
Received Import Request.
  Time since last request: 0.000016 seconds.
  path: Assets/Resource/Images/Zombies/Zombie/Move1/Zombie2_8.png
  artifactKey: Guid(c63a40f07a0614a41a3382e47140682d) Importer(815301076,1909f56bfc062723c751e8b465ee728b)
Start importing Assets/Resource/Images/Zombies/Zombie/Move1/Zombie2_8.png using Guid(c63a40f07a0614a41a3382e47140682d) Importer(815301076,1909f56bfc062723c751e8b465ee728b) [PhysX] Initialized MultithreadedTaskDispatcher with 16 workers.
[PhysX] Initialized MultithreadedTaskDispatcher with 16 workers.
 -> (artifact id: '44aa65a4e8d40694f5f0bfdb9501e38b') in 0.014541 seconds
Number of updated asset objects reloaded before import = 0
Number of asset objects unloaded after import = 3
========================================================================
Received Import Request.
  Time since last request: 0.000039 seconds.
  path: Assets/Resource/Images/Zombies/Zombie/Move1/Zombie2_12.png
  artifactKey: Guid(2dba37763545e4b4697cdf23f8b7ceeb) Importer(815301076,1909f56bfc062723c751e8b465ee728b)
Start importing Assets/Resource/Images/Zombies/Zombie/Move1/Zombie2_12.png using Guid(2dba37763545e4b4697cdf23f8b7ceeb) Importer(815301076,1909f56bfc062723c751e8b465ee728b) [PhysX] Initialized MultithreadedTaskDispatcher with 16 workers.
[PhysX] Initialized MultithreadedTaskDispatcher with 16 workers.
 -> (artifact id: 'ab4cac7cb97b0ab9e4e55ab14a748e12') in 0.027711 seconds
Number of updated asset objects reloaded before import = 0
Number of asset objects unloaded after import = 3
========================================================================
Received Import Request.
  Time since last request: 0.435456 seconds.
  path: Assets/Resource/Images/Zombies/Zombie/Move2/Zombie_2.png
  artifactKey: Guid(b807a1ecce5a6b34eb813ccfd1d250f5) Importer(815301076,1909f56bfc062723c751e8b465ee728b)
Start importing Assets/Resource/Images/Zombies/Zombie/Move2/Zombie_2.png using Guid(b807a1ecce5a6b34eb813ccfd1d250f5) Importer(815301076,1909f56bfc062723c751e8b465ee728b) [PhysX] Initialized MultithreadedTaskDispatcher with 16 workers.
[PhysX] Initialized MultithreadedTaskDispatcher with 16 workers.
 -> (artifact id: 'bcdccbacab95ffd7a7ce1c171fc801ba') in 0.012478 seconds
Number of updated asset objects reloaded before import = 0
Number of asset objects unloaded after import = 3
========================================================================
Received Import Request.
  Time since last request: 0.000021 seconds.
  path: Assets/Resource/Images/Zombies/Zombie/Move2/Zombie_10.png
  artifactKey: Guid(639da64aa89f2924da8d84bed62a44b3) Importer(815301076,1909f56bfc062723c751e8b465ee728b)
Start importing Assets/Resource/Images/Zombies/Zombie/Move2/Zombie_10.png using Guid(639da64aa89f2924da8d84bed62a44b3) Importer(815301076,1909f56bfc062723c751e8b465ee728b) [PhysX] Initialized MultithreadedTaskDispatcher with 16 workers.
[PhysX] Initialized MultithreadedTaskDispatcher with 16 workers.
 -> (artifact id: '0e2702695b9fe4e5fc50b0adc6dc0764') in 0.015488 seconds
Number of updated asset objects reloaded before import = 0
Number of asset objects unloaded after import = 3
========================================================================
Received Import Request.
  Time since last request: 0.000036 seconds.
  path: Assets/Resource/Images/Zombies/Zombie/Move2/Zombie_13.png
  artifactKey: Guid(b62d14cfe9a1d254bb61c80975cc3ff7) Importer(815301076,1909f56bfc062723c751e8b465ee728b)
Start importing Assets/Resource/Images/Zombies/Zombie/Move2/Zombie_13.png using Guid(b62d14cfe9a1d254bb61c80975cc3ff7) Importer(815301076,1909f56bfc062723c751e8b465ee728b) [PhysX] Initialized MultithreadedTaskDispatcher with 16 workers.
[PhysX] Initialized MultithreadedTaskDispatcher with 16 workers.
 -> (artifact id: '992f7b3f168cacd780eb81f6a19ccf7a') in 0.017001 seconds
Number of updated asset objects reloaded before import = 0
Number of asset objects unloaded after import = 3
========================================================================
Received Import Request.
  Time since last request: 0.000125 seconds.
  path: Assets/Resource/Images/Zombies/Zombie/Move2/Zombie_8.png
  artifactKey: Guid(8540de6092d6c2a4bb3d8450f28aa9a0) Importer(815301076,1909f56bfc062723c751e8b465ee728b)
Start importing Assets/Resource/Images/Zombies/Zombie/Move2/Zombie_8.png using Guid(8540de6092d6c2a4bb3d8450f28aa9a0) Importer(815301076,1909f56bfc062723c751e8b465ee728b) [PhysX] Initialized MultithreadedTaskDispatcher with 16 workers.
[PhysX] Initialized MultithreadedTaskDispatcher with 16 workers.
 -> (artifact id: '4fe0fdb8382b6490f0bac9dcf1829875') in 0.014375 seconds
Number of updated asset objects reloaded before import = 0
Number of asset objects unloaded after import = 3
========================================================================
Received Import Request.
  Time since last request: 18.896768 seconds.
  path: Assets/Resource/Images/Zombies/Zombie/Move2/Zombie_15.png
  artifactKey: Guid(edbf3a0826e30a64dbab7e09008449c6) Importer(815301076,1909f56bfc062723c751e8b465ee728b)
Start importing Assets/Resource/Images/Zombies/Zombie/Move2/Zombie_15.png using Guid(edbf3a0826e30a64dbab7e09008449c6) Importer(815301076,1909f56bfc062723c751e8b465ee728b) [PhysX] Initialized MultithreadedTaskDispatcher with 16 workers.
[PhysX] Initialized MultithreadedTaskDispatcher with 16 workers.
 -> (artifact id: 'ebf7e239f84aab29df99f888c40d900f') in 0.076346 seconds
Number of updated asset objects reloaded before import = 0
Number of asset objects unloaded after import = 3
========================================================================
Received Import Request.
  Time since last request: 0.000030 seconds.
  path: Assets/Resource/Images/Zombies/Zombie/Move2/Zombie_21.png
  artifactKey: Guid(ec191cfe0ed1dcf4fb758b69b1812431) Importer(815301076,1909f56bfc062723c751e8b465ee728b)
Start importing Assets/Resource/Images/Zombies/Zombie/Move2/Zombie_21.png using Guid(ec191cfe0ed1dcf4fb758b69b1812431) Importer(815301076,1909f56bfc062723c751e8b465ee728b) [PhysX] Initialized MultithreadedTaskDispatcher with 16 workers.
[PhysX] Initialized MultithreadedTaskDispatcher with 16 workers.
 -> (artifact id: '0e6704551925078c3902548a0eba92b2') in 0.009178 seconds
Number of updated asset objects reloaded before import = 0
Number of asset objects unloaded after import = 3
========================================================================
Received Import Request.
  Time since last request: 5.252584 seconds.
  path: Assets/Resource/Images/Zombies/Zombie/Move2/Zombie_17.png
  artifactKey: Guid(f19cb193312c31b46a1bde411ad8b3ae) Importer(815301076,1909f56bfc062723c751e8b465ee728b)
Start importing Assets/Resource/Images/Zombies/Zombie/Move2/Zombie_17.png using Guid(f19cb193312c31b46a1bde411ad8b3ae) Importer(815301076,1909f56bfc062723c751e8b465ee728b) [PhysX] Initialized MultithreadedTaskDispatcher with 16 workers.
[PhysX] Initialized MultithreadedTaskDispatcher with 16 workers.
 -> (artifact id: '377eeb5fe57e11b175f5204a5233a26e') in 0.057647 seconds
Number of updated asset objects reloaded before import = 0
Number of asset objects unloaded after import = 3
========================================================================
Received Import Request.
  Time since last request: 0.000132 seconds.
  path: Assets/Resource/Images/Zombies/Zombie/Move2/Zombie_22.png
  artifactKey: Guid(c5b9dcfb07a0ad94aace08ee0de3948a) Importer(815301076,1909f56bfc062723c751e8b465ee728b)
Start importing Assets/Resource/Images/Zombies/Zombie/Move2/Zombie_22.png using Guid(c5b9dcfb07a0ad94aace08ee0de3948a) Importer(815301076,1909f56bfc062723c751e8b465ee728b) [PhysX] Initialized MultithreadedTaskDispatcher with 16 workers.
[PhysX] Initialized MultithreadedTaskDispatcher with 16 workers.
 -> (artifact id: '18dd0a8d1c1abdfb085d5d6cb47d0bb7') in 0.036196 seconds
Number of updated asset objects reloaded before import = 0
Number of asset objects unloaded after import = 3
========================================================================
Received Import Request.
  Time since last request: 0.687620 seconds.
  path: Assets/Resource/Images/Zombies/Zombie/Move2/Zombie_14.png
  artifactKey: Guid(eb0d9cb088cc59547a58e4336670c336) Importer(815301076,1909f56bfc062723c751e8b465ee728b)
Start importing Assets/Resource/Images/Zombies/Zombie/Move2/Zombie_14.png using Guid(eb0d9cb088cc59547a58e4336670c336) Importer(815301076,1909f56bfc062723c751e8b465ee728b) [PhysX] Initialized MultithreadedTaskDispatcher with 16 workers.
[PhysX] Initialized MultithreadedTaskDispatcher with 16 workers.
 -> (artifact id: '13799a6a02b1ca4d3ed9b530453458eb') in 0.020432 seconds
Number of updated asset objects reloaded before import = 0
Number of asset objects unloaded after import = 3
========================================================================
Received Import Request.
  Time since last request: 0.027719 seconds.
  path: Assets/Resource/Images/Zombies/Zombie/Move2/Zombie_8.png
  artifactKey: Guid(8540de6092d6c2a4bb3d8450f28aa9a0) Importer(815301076,1909f56bfc062723c751e8b465ee728b)
Start importing Assets/Resource/Images/Zombies/Zombie/Move2/Zombie_8.png using Guid(8540de6092d6c2a4bb3d8450f28aa9a0) Importer(815301076,1909f56bfc062723c751e8b465ee728b) [PhysX] Initialized MultithreadedTaskDispatcher with 16 workers.
[PhysX] Initialized MultithreadedTaskDispatcher with 16 workers.
 -> (artifact id: 'e2be21b6fa531c96213d6fc409df5eee') in 0.016261 seconds
Number of updated asset objects reloaded before import = 0
Number of asset objects unloaded after import = 3
========================================================================
Received Import Request.
  Time since last request: 0.000074 seconds.
  path: Assets/Resource/Images/Zombies/Zombie/Move2/Zombie_12.png
  artifactKey: Guid(d5477b29588993949b2f691c702f3c7c) Importer(815301076,1909f56bfc062723c751e8b465ee728b)
Start importing Assets/Resource/Images/Zombies/Zombie/Move2/Zombie_12.png using Guid(d5477b29588993949b2f691c702f3c7c) Importer(815301076,1909f56bfc062723c751e8b465ee728b) [PhysX] Initialized MultithreadedTaskDispatcher with 16 workers.
[PhysX] Initialized MultithreadedTaskDispatcher with 16 workers.
 -> (artifact id: '3a70cb987bda90cbf58a3c957eda6d98') in 0.009453 seconds
Number of updated asset objects reloaded before import = 0
Number of asset objects unloaded after import = 3
========================================================================
Received Import Request.
  Time since last request: 0.205683 seconds.
  path: Assets/Resource/Images/Zombies/Zombie/Move2/Zombie_5.png
  artifactKey: Guid(84af90df1c52963418271161acd0131a) Importer(815301076,1909f56bfc062723c751e8b465ee728b)
Start importing Assets/Resource/Images/Zombies/Zombie/Move2/Zombie_5.png using Guid(84af90df1c52963418271161acd0131a) Importer(815301076,1909f56bfc062723c751e8b465ee728b) [PhysX] Initialized MultithreadedTaskDispatcher with 16 workers.
[PhysX] Initialized MultithreadedTaskDispatcher with 16 workers.
 -> (artifact id: '3d9251247a7a662b8050e89131bca2da') in 0.013935 seconds
Number of updated asset objects reloaded before import = 0
Number of asset objects unloaded after import = 3
========================================================================
Received Import Request.
  Time since last request: 0.000718 seconds.
  path: Assets/Resource/Images/Zombies/Zombie/Move2/Zombie_2.png
  artifactKey: Guid(b807a1ecce5a6b34eb813ccfd1d250f5) Importer(815301076,1909f56bfc062723c751e8b465ee728b)
Start importing Assets/Resource/Images/Zombies/Zombie/Move2/Zombie_2.png using Guid(b807a1ecce5a6b34eb813ccfd1d250f5) Importer(815301076,1909f56bfc062723c751e8b465ee728b) [PhysX] Initialized MultithreadedTaskDispatcher with 16 workers.
[PhysX] Initialized MultithreadedTaskDispatcher with 16 workers.
 -> (artifact id: 'ebb79e7396867acd808421eb16d06871') in 0.010491 seconds
Number of updated asset objects reloaded before import = 0
Number of asset objects unloaded after import = 3
========================================================================
Received Import Request.
  Time since last request: 61.816043 seconds.
  path: Assets/Resource/Images/Zombies/Zombie/Move1/Zombie2_15.png
  artifactKey: Guid(fd7ed31166b0efa4c9ce79184443b02e) Importer(815301076,1909f56bfc062723c751e8b465ee728b)
Start importing Assets/Resource/Images/Zombies/Zombie/Move1/Zombie2_15.png using Guid(fd7ed31166b0efa4c9ce79184443b02e) Importer(815301076,1909f56bfc062723c751e8b465ee728b) [PhysX] Initialized MultithreadedTaskDispatcher with 16 workers.
[PhysX] Initialized MultithreadedTaskDispatcher with 16 workers.
 -> (artifact id: '8b085e3bc477ed46742244d32ab04431') in 0.041853 seconds
Number of updated asset objects reloaded before import = 0
Number of asset objects unloaded after import = 3
========================================================================
Received Import Request.
  Time since last request: 0.000022 seconds.
  path: Assets/Resource/Images/Zombies/Zombie/Move1/Zombie2_18.png
  artifactKey: Guid(9da959100fa8b8249bd26b6f737fce17) Importer(815301076,1909f56bfc062723c751e8b465ee728b)
Start importing Assets/Resource/Images/Zombies/Zombie/Move1/Zombie2_18.png using Guid(9da959100fa8b8249bd26b6f737fce17) Importer(815301076,1909f56bfc062723c751e8b465ee728b) [PhysX] Initialized MultithreadedTaskDispatcher with 16 workers.
[PhysX] Initialized MultithreadedTaskDispatcher with 16 workers.
 -> (artifact id: 'a6704b76ac43bf2b72967484c9235e47') in 0.039274 seconds
Number of updated asset objects reloaded before import = 0
Number of asset objects unloaded after import = 3
========================================================================
Received Import Request.
  Time since last request: 0.033021 seconds.
  path: Assets/Resource/Images/Zombies/Zombie/Move1/Zombie2_21.png
  artifactKey: Guid(522a35a6ad6d45c48bb52f4930c5dac3) Importer(815301076,1909f56bfc062723c751e8b465ee728b)
Start importing Assets/Resource/Images/Zombies/Zombie/Move1/Zombie2_21.png using Guid(522a35a6ad6d45c48bb52f4930c5dac3) Importer(815301076,1909f56bfc062723c751e8b465ee728b) [PhysX] Initialized MultithreadedTaskDispatcher with 16 workers.
[PhysX] Initialized MultithreadedTaskDispatcher with 16 workers.
 -> (artifact id: 'c160d915030d1ad61274fc49cb17b569') in 0.038346 seconds
Number of updated asset objects reloaded before import = 0
Number of asset objects unloaded after import = 3
========================================================================
Received Import Request.
  Time since last request: 0.210057 seconds.
  path: Assets/Resource/Images/Zombies/Zombie/Move1/Zombie2_24.png
  artifactKey: Guid(79a8a01afc4e4d14ab41e744a34d2903) Importer(815301076,1909f56bfc062723c751e8b465ee728b)
Start importing Assets/Resource/Images/Zombies/Zombie/Move1/Zombie2_24.png using Guid(79a8a01afc4e4d14ab41e744a34d2903) Importer(815301076,1909f56bfc062723c751e8b465ee728b) [PhysX] Initialized MultithreadedTaskDispatcher with 16 workers.
[PhysX] Initialized MultithreadedTaskDispatcher with 16 workers.
 -> (artifact id: 'b7e764849f25b1b79c34754bdf978ca9') in 0.043703 seconds
Number of updated asset objects reloaded before import = 0
Number of asset objects unloaded after import = 3
========================================================================
Received Import Request.
  Time since last request: 0.000016 seconds.
  path: Assets/Resource/Images/Zombies/Zombie/Move1/Zombie2_28.png
  artifactKey: Guid(cf53c729b264cdc47835709f9a5ac29c) Importer(815301076,1909f56bfc062723c751e8b465ee728b)
Start importing Assets/Resource/Images/Zombies/Zombie/Move1/Zombie2_28.png using Guid(cf53c729b264cdc47835709f9a5ac29c) Importer(815301076,1909f56bfc062723c751e8b465ee728b) [PhysX] Initialized MultithreadedTaskDispatcher with 16 workers.
[PhysX] Initialized MultithreadedTaskDispatcher with 16 workers.
 -> (artifact id: '9d092566960bc3a807e43d075b425eb6') in 0.028094 seconds
Number of updated asset objects reloaded before import = 0
Number of asset objects unloaded after import = 3
========================================================================
Received Import Request.
  Time since last request: 0.041039 seconds.
  path: Assets/Resource/Images/Zombies/Zombie/Move1/Zombie2_30.png
  artifactKey: Guid(bc50afb9ed86e7449ac58bb48edcc924) Importer(815301076,1909f56bfc062723c751e8b465ee728b)
Start importing Assets/Resource/Images/Zombies/Zombie/Move1/Zombie2_30.png using Guid(bc50afb9ed86e7449ac58bb48edcc924) Importer(815301076,1909f56bfc062723c751e8b465ee728b) [PhysX] Initialized MultithreadedTaskDispatcher with 16 workers.
[PhysX] Initialized MultithreadedTaskDispatcher with 16 workers.
 -> (artifact id: 'e7bd994df105194f5a2a4ab295cd00dc') in 0.030869 seconds
Number of updated asset objects reloaded before import = 0
Number of asset objects unloaded after import = 3
========================================================================
Received Import Request.
  Time since last request: 26.885760 seconds.
  path: Assets/Resource/Images/Zombies/Zombie/Move1/Zombie2_20.png
  artifactKey: Guid(51f8d966c000253468fe3d4e8aa1f39b) Importer(815301076,1909f56bfc062723c751e8b465ee728b)
Start importing Assets/Resource/Images/Zombies/Zombie/Move1/Zombie2_20.png using Guid(51f8d966c000253468fe3d4e8aa1f39b) Importer(815301076,1909f56bfc062723c751e8b465ee728b) [PhysX] Initialized MultithreadedTaskDispatcher with 16 workers.
[PhysX] Initialized MultithreadedTaskDispatcher with 16 workers.
 -> (artifact id: 'c497e2ffa5f749380153ef63fc77984c') in 0.028089 seconds
Number of updated asset objects reloaded before import = 0
Number of asset objects unloaded after import = 3
========================================================================
Received Import Request.
  Time since last request: 0.042530 seconds.
  path: Assets/Resource/Images/Zombies/Zombie/Move1/Zombie2_23.png
  artifactKey: Guid(84a9813cf37d93e4385259053a358624) Importer(815301076,1909f56bfc062723c751e8b465ee728b)
Start importing Assets/Resource/Images/Zombies/Zombie/Move1/Zombie2_23.png using Guid(84a9813cf37d93e4385259053a358624) Importer(815301076,1909f56bfc062723c751e8b465ee728b) [PhysX] Initialized MultithreadedTaskDispatcher with 16 workers.
[PhysX] Initialized MultithreadedTaskDispatcher with 16 workers.
 -> (artifact id: '894d3582a142e5e6e59df409834654b5') in 0.071081 seconds
Number of updated asset objects reloaded before import = 0
Number of asset objects unloaded after import = 3
========================================================================
Received Import Request.
  Time since last request: 0.000019 seconds.
  path: Assets/Resource/Images/Zombies/Zombie/Move1/Zombie2_31.png
  artifactKey: Guid(a7b927bdcff3f52439ca46b1ced82c51) Importer(815301076,1909f56bfc062723c751e8b465ee728b)
Start importing Assets/Resource/Images/Zombies/Zombie/Move1/Zombie2_31.png using Guid(a7b927bdcff3f52439ca46b1ced82c51) Importer(815301076,1909f56bfc062723c751e8b465ee728b) [PhysX] Initialized MultithreadedTaskDispatcher with 16 workers.
[PhysX] Initialized MultithreadedTaskDispatcher with 16 workers.
 -> (artifact id: 'f572c5dd9d19e516190af9130f03f6bb') in 0.048961 seconds
Number of updated asset objects reloaded before import = 0
Number of asset objects unloaded after import = 3
========================================================================
Received Import Request.
  Time since last request: 0.000463 seconds.
  path: Assets/Resource/Images/Zombies/Zombie/Move1/Zombie2_30.png
  artifactKey: Guid(bc50afb9ed86e7449ac58bb48edcc924) Importer(815301076,1909f56bfc062723c751e8b465ee728b)
Start importing Assets/Resource/Images/Zombies/Zombie/Move1/Zombie2_30.png using Guid(bc50afb9ed86e7449ac58bb48edcc924) Importer(815301076,1909f56bfc062723c751e8b465ee728b) [PhysX] Initialized MultithreadedTaskDispatcher with 16 workers.
[PhysX] Initialized MultithreadedTaskDispatcher with 16 workers.
 -> (artifact id: 'bc31cf4f391334b7167c173be7e30c29') in 0.046609 seconds
Number of updated asset objects reloaded before import = 0
Number of asset objects unloaded after import = 3
========================================================================
Received Import Request.
  Time since last request: 1.333117 seconds.
  path: Assets/Resource/Images/Zombies/Zombie/Move1/Zombie2_17.png
  artifactKey: Guid(c9a54cb0ec183b147937b2c3becbe29a) Importer(815301076,1909f56bfc062723c751e8b465ee728b)
Start importing Assets/Resource/Images/Zombies/Zombie/Move1/Zombie2_17.png using Guid(c9a54cb0ec183b147937b2c3becbe29a) Importer(815301076,1909f56bfc062723c751e8b465ee728b) [PhysX] Initialized MultithreadedTaskDispatcher with 16 workers.
[PhysX] Initialized MultithreadedTaskDispatcher with 16 workers.
 -> (artifact id: '679cea69fafe18435cb16e11c3450f6f') in 0.046275 seconds
Number of updated asset objects reloaded before import = 0
Number of asset objects unloaded after import = 3
========================================================================
Received Import Request.
  Time since last request: 0.029998 seconds.
  path: Assets/Resource/Images/Zombies/Zombie/Move1/Zombie2_14.png
  artifactKey: Guid(d5c6182f56715244ba696892514a7aac) Importer(815301076,1909f56bfc062723c751e8b465ee728b)
Start importing Assets/Resource/Images/Zombies/Zombie/Move1/Zombie2_14.png using Guid(d5c6182f56715244ba696892514a7aac) Importer(815301076,1909f56bfc062723c751e8b465ee728b) [PhysX] Initialized MultithreadedTaskDispatcher with 16 workers.
[PhysX] Initialized MultithreadedTaskDispatcher with 16 workers.
 -> (artifact id: '9ddba028deddf991158f48b108313748') in 0.008782 seconds
Number of updated asset objects reloaded before import = 0
Number of asset objects unloaded after import = 3
========================================================================
Received Import Request.
  Time since last request: 0.213714 seconds.
  path: Assets/Resource/Images/Zombies/Zombie/Move1/Zombie2_11.png
  artifactKey: Guid(871e16a71099ee34d94e8dfe2931bfa5) Importer(815301076,1909f56bfc062723c751e8b465ee728b)
Start importing Assets/Resource/Images/Zombies/Zombie/Move1/Zombie2_11.png using Guid(871e16a71099ee34d94e8dfe2931bfa5) Importer(815301076,1909f56bfc062723c751e8b465ee728b) [PhysX] Initialized MultithreadedTaskDispatcher with 16 workers.
[PhysX] Initialized MultithreadedTaskDispatcher with 16 workers.
 -> (artifact id: '5ab450d20b6bf719b8050ad23cceb46d') in 0.013912 seconds
Number of updated asset objects reloaded before import = 0
Number of asset objects unloaded after import = 3
========================================================================
Received Import Request.
  Time since last request: 0.023112 seconds.
  path: Assets/Resource/Images/Zombies/Zombie/Move1/Zombie2_8.png
  artifactKey: Guid(c63a40f07a0614a41a3382e47140682d) Importer(815301076,1909f56bfc062723c751e8b465ee728b)
Start importing Assets/Resource/Images/Zombies/Zombie/Move1/Zombie2_8.png using Guid(c63a40f07a0614a41a3382e47140682d) Importer(815301076,1909f56bfc062723c751e8b465ee728b) [PhysX] Initialized MultithreadedTaskDispatcher with 16 workers.
[PhysX] Initialized MultithreadedTaskDispatcher with 16 workers.
 -> (artifact id: '5a595d3b1aeb77061c1c0bfcda7e7f06') in 0.008404 seconds
Number of updated asset objects reloaded before import = 0
Number of asset objects unloaded after import = 3
========================================================================
Received Import Request.
  Time since last request: 0.020117 seconds.
  path: Assets/Resource/Images/Zombies/Zombie/Move1/Zombie2_5.png
  artifactKey: Guid(5b9e9e3dc39304e458ebb3b1cbf1c0e0) Importer(815301076,1909f56bfc062723c751e8b465ee728b)
Start importing Assets/Resource/Images/Zombies/Zombie/Move1/Zombie2_5.png using Guid(5b9e9e3dc39304e458ebb3b1cbf1c0e0) Importer(815301076,1909f56bfc062723c751e8b465ee728b) [PhysX] Initialized MultithreadedTaskDispatcher with 16 workers.
[PhysX] Initialized MultithreadedTaskDispatcher with 16 workers.
 -> (artifact id: '3959cb1dbbb14444797e2a91a5680cce') in 0.008597 seconds
Number of updated asset objects reloaded before import = 0
Number of asset objects unloaded after import = 3
========================================================================
Received Import Request.
  Time since last request: 0.195104 seconds.
  path: Assets/Resource/Images/Zombies/Zombie/Move1/Zombie2_3.png
  artifactKey: Guid(7815a0d2364a456428c4ceb22275f0f7) Importer(815301076,1909f56bfc062723c751e8b465ee728b)
Start importing Assets/Resource/Images/Zombies/Zombie/Move1/Zombie2_3.png using Guid(7815a0d2364a456428c4ceb22275f0f7) Importer(815301076,1909f56bfc062723c751e8b465ee728b) [PhysX] Initialized MultithreadedTaskDispatcher with 16 workers.
[PhysX] Initialized MultithreadedTaskDispatcher with 16 workers.
 -> (artifact id: '9d9f6c76497c9e90b0dd369b8c5e668d') in 0.009387 seconds
Number of updated asset objects reloaded before import = 0
Number of asset objects unloaded after import = 3
========================================================================
Received Import Request.
  Time since last request: 61.759791 seconds.
  path: Assets/Resource/Images/Zombies/Zombie/Eat/ZombieAttack_16.png
  artifactKey: Guid(09a992907f41cbb45a3a2417fb9da650) Importer(815301076,1909f56bfc062723c751e8b465ee728b)
Start importing Assets/Resource/Images/Zombies/Zombie/Eat/ZombieAttack_16.png using Guid(09a992907f41cbb45a3a2417fb9da650) Importer(815301076,1909f56bfc062723c751e8b465ee728b) [PhysX] Initialized MultithreadedTaskDispatcher with 16 workers.
[PhysX] Initialized MultithreadedTaskDispatcher with 16 workers.
 -> (artifact id: 'fad1cc740bec6ec3a30c4ff354930054') in 0.027643 seconds
Number of updated asset objects reloaded before import = 0
Number of asset objects unloaded after import = 3
========================================================================
Received Import Request.
  Time since last request: 0.053423 seconds.
  path: Assets/Resource/Images/Zombies/Zombie/Eat/ZombieAttack_19.png
  artifactKey: Guid(bc6cc838a4ee60f4a8f1148daa732ff3) Importer(815301076,1909f56bfc062723c751e8b465ee728b)
Start importing Assets/Resource/Images/Zombies/Zombie/Eat/ZombieAttack_19.png using Guid(bc6cc838a4ee60f4a8f1148daa732ff3) Importer(815301076,1909f56bfc062723c751e8b465ee728b) [PhysX] Initialized MultithreadedTaskDispatcher with 16 workers.
[PhysX] Initialized MultithreadedTaskDispatcher with 16 workers.
 -> (artifact id: '42a785ff657dbe2b36d56d8874b09276') in 0.032848 seconds
Number of updated asset objects reloaded before import = 0
Number of asset objects unloaded after import = 3
========================================================================
Received Import Request.
  Time since last request: 0.000071 seconds.
  path: Assets/Resource/Images/Zombies/Zombie/Eat/ZombieAttack_21.png
  artifactKey: Guid(903df0558e5f00c4a822ad937fa5e515) Importer(815301076,1909f56bfc062723c751e8b465ee728b)
Start importing Assets/Resource/Images/Zombies/Zombie/Eat/ZombieAttack_21.png using Guid(903df0558e5f00c4a822ad937fa5e515) Importer(815301076,1909f56bfc062723c751e8b465ee728b) [PhysX] Initialized MultithreadedTaskDispatcher with 16 workers.
[PhysX] Initialized MultithreadedTaskDispatcher with 16 workers.
 -> (artifact id: '67d558dca5d2ef0ba26fd6fde92addd7') in 0.041671 seconds
Number of updated asset objects reloaded before import = 0
Number of asset objects unloaded after import = 3
========================================================================
Received Import Request.
  Time since last request: 6.694869 seconds.
  path: Assets/Resource/Images/Zombies/Zombie/Eat/ZombieAttack_15.png
  artifactKey: Guid(ef1d309cfa942be478229872e621a9ea) Importer(815301076,1909f56bfc062723c751e8b465ee728b)
Start importing Assets/Resource/Images/Zombies/Zombie/Eat/ZombieAttack_15.png using Guid(ef1d309cfa942be478229872e621a9ea) Importer(815301076,1909f56bfc062723c751e8b465ee728b) [PhysX] Initialized MultithreadedTaskDispatcher with 16 workers.
[PhysX] Initialized MultithreadedTaskDispatcher with 16 workers.
 -> (artifact id: 'f3c86d50a71944838c95086edabc9a9d') in 0.042928 seconds
Number of updated asset objects reloaded before import = 0
Number of asset objects unloaded after import = 3
========================================================================
Received Import Request.
  Time since last request: 0.000021 seconds.
  path: Assets/Resource/Images/Zombies/Zombie/Eat/ZombieAttack_17.png
  artifactKey: Guid(054c11f2281fa23459a25ede05c74977) Importer(815301076,1909f56bfc062723c751e8b465ee728b)
Start importing Assets/Resource/Images/Zombies/Zombie/Eat/ZombieAttack_17.png using Guid(054c11f2281fa23459a25ede05c74977) Importer(815301076,1909f56bfc062723c751e8b465ee728b) [PhysX] Initialized MultithreadedTaskDispatcher with 16 workers.
[PhysX] Initialized MultithreadedTaskDispatcher with 16 workers.
 -> (artifact id: '743b744e7b026041cf7160fa9eedc0e0') in 0.082745 seconds
Number of updated asset objects reloaded before import = 0
Number of asset objects unloaded after import = 3
========================================================================
Received Import Request.
  Time since last request: 0.830828 seconds.
  path: Assets/Resource/Images/Zombies/Zombie/Eat/ZombieAttack_12.png
  artifactKey: Guid(6e621b44e2f922146b2a3105cdf97809) Importer(815301076,1909f56bfc062723c751e8b465ee728b)
Start importing Assets/Resource/Images/Zombies/Zombie/Eat/ZombieAttack_12.png using Guid(6e621b44e2f922146b2a3105cdf97809) Importer(815301076,1909f56bfc062723c751e8b465ee728b) [PhysX] Initialized MultithreadedTaskDispatcher with 16 workers.
[PhysX] Initialized MultithreadedTaskDispatcher with 16 workers.
 -> (artifact id: 'f14fd5a91104aaba56bcef612195f939') in 0.027518 seconds
Number of updated asset objects reloaded before import = 0
Number of asset objects unloaded after import = 3
========================================================================
Received Import Request.
  Time since last request: 0.016575 seconds.
  path: Assets/Resource/Images/Zombies/Zombie/Eat/ZombieAttack_9.png
  artifactKey: Guid(3f42740138218c148819a6b19d15d8bd) Importer(815301076,1909f56bfc062723c751e8b465ee728b)
Start importing Assets/Resource/Images/Zombies/Zombie/Eat/ZombieAttack_9.png using Guid(3f42740138218c148819a6b19d15d8bd) Importer(815301076,1909f56bfc062723c751e8b465ee728b) [PhysX] Initialized MultithreadedTaskDispatcher with 16 workers.
[PhysX] Initialized MultithreadedTaskDispatcher with 16 workers.
 -> (artifact id: '98a3313f3b6af3f10d2044ee9c751581') in 0.018193 seconds
Number of updated asset objects reloaded before import = 0
Number of asset objects unloaded after import = 3
========================================================================
Received Import Request.
  Time since last request: 0.015221 seconds.
  path: Assets/Resource/Images/Zombies/Zombie/Eat/ZombieAttack_6.png
  artifactKey: Guid(893cfed5f721a3247ae0111ed5d91554) Importer(815301076,1909f56bfc062723c751e8b465ee728b)
Start importing Assets/Resource/Images/Zombies/Zombie/Eat/ZombieAttack_6.png using Guid(893cfed5f721a3247ae0111ed5d91554) Importer(815301076,1909f56bfc062723c751e8b465ee728b) [PhysX] Initialized MultithreadedTaskDispatcher with 16 workers.
[PhysX] Initialized MultithreadedTaskDispatcher with 16 workers.
 -> (artifact id: 'e25ade06000a15aeb4933f4900783509') in 0.016657 seconds
Number of updated asset objects reloaded before import = 0
Number of asset objects unloaded after import = 3
========================================================================
Received Import Request.
  Time since last request: 37.115594 seconds.
  path: Assets/Resource/Images/Zombies/Zombie/Die/ZombieDie_4.png
  artifactKey: Guid(2e2d1b45c105a594eb0879e3cb88f609) Importer(815301076,1909f56bfc062723c751e8b465ee728b)
Start importing Assets/Resource/Images/Zombies/Zombie/Die/ZombieDie_4.png using Guid(2e2d1b45c105a594eb0879e3cb88f609) Importer(815301076,1909f56bfc062723c751e8b465ee728b) [PhysX] Initialized MultithreadedTaskDispatcher with 16 workers.
[PhysX] Initialized MultithreadedTaskDispatcher with 16 workers.
 -> (artifact id: '7ca8562d5b80b7e5e1548d7156a9f42b') in 0.010024 seconds
Number of updated asset objects reloaded before import = 0
Number of asset objects unloaded after import = 3
========================================================================
Received Import Request.
  Time since last request: 0.000028 seconds.
  path: Assets/Resource/Images/Zombies/Zombie/Die/ZombieDie_9.png
  artifactKey: Guid(7b2e664b959b2104285c5407fe008862) Importer(815301076,1909f56bfc062723c751e8b465ee728b)
Start importing Assets/Resource/Images/Zombies/Zombie/Die/ZombieDie_9.png using Guid(7b2e664b959b2104285c5407fe008862) Importer(815301076,1909f56bfc062723c751e8b465ee728b) [PhysX] Initialized MultithreadedTaskDispatcher with 16 workers.
[PhysX] Initialized MultithreadedTaskDispatcher with 16 workers.
 -> (artifact id: 'e59ec26d25975a2b5ebe73ab73074062') in 0.011033 seconds
Number of updated asset objects reloaded before import = 0
Number of asset objects unloaded after import = 3
========================================================================
Received Import Request.
  Time since last request: 0.000026 seconds.
  path: Assets/Resource/Images/Zombies/Zombie/Die/ZombieDie_10.png
  artifactKey: Guid(d20c9deca49f6ad45b26884b0e0cb2f9) Importer(815301076,1909f56bfc062723c751e8b465ee728b)
Start importing Assets/Resource/Images/Zombies/Zombie/Die/ZombieDie_10.png using Guid(d20c9deca49f6ad45b26884b0e0cb2f9) Importer(815301076,1909f56bfc062723c751e8b465ee728b) [PhysX] Initialized MultithreadedTaskDispatcher with 16 workers.
[PhysX] Initialized MultithreadedTaskDispatcher with 16 workers.
 -> (artifact id: 'e0f30a36c8897c4171473d3dc29b56f0') in 0.007848 seconds
Number of updated asset objects reloaded before import = 0
Number of asset objects unloaded after import = 3
========================================================================
Received Import Request.
  Time since last request: 16.056163 seconds.
  path: Assets/Resource/Images/Zombies/Zombie/Borm/BoomDie_15.png
  artifactKey: Guid(082e67dadcaf24c46b0c906a1bb52ba8) Importer(815301076,1909f56bfc062723c751e8b465ee728b)
Start importing Assets/Resource/Images/Zombies/Zombie/Borm/BoomDie_15.png using Guid(082e67dadcaf24c46b0c906a1bb52ba8) Importer(815301076,1909f56bfc062723c751e8b465ee728b) [PhysX] Initialized MultithreadedTaskDispatcher with 16 workers.
[PhysX] Initialized MultithreadedTaskDispatcher with 16 workers.
 -> (artifact id: 'ccbb84a9c1824c5846199d7472590365') in 0.061245 seconds
Number of updated asset objects reloaded before import = 0
Number of asset objects unloaded after import = 3
========================================================================
Received Import Request.
  Time since last request: 0.000014 seconds.
  path: Assets/Resource/Images/Zombies/Zombie/Borm/BoomDie_19.png
  artifactKey: Guid(125bb3e6c68ecbd48a77179bcd667ef7) Importer(815301076,1909f56bfc062723c751e8b465ee728b)
Start importing Assets/Resource/Images/Zombies/Zombie/Borm/BoomDie_19.png using Guid(125bb3e6c68ecbd48a77179bcd667ef7) Importer(815301076,1909f56bfc062723c751e8b465ee728b) [PhysX] Initialized MultithreadedTaskDispatcher with 16 workers.
[PhysX] Initialized MultithreadedTaskDispatcher with 16 workers.
 -> (artifact id: 'b7a97dce2f84d59dcfd46dcaefdcac05') in 0.046593 seconds
Number of updated asset objects reloaded before import = 0
Number of asset objects unloaded after import = 3
========================================================================
Received Import Request.
  Time since last request: 0.481022 seconds.
  path: Assets/Resource/Images/Zombies/Zombie/Borm/BoomDie_12.png
  artifactKey: Guid(ba027e1c967d1084f98db222be2da7e1) Importer(815301076,1909f56bfc062723c751e8b465ee728b)
Start importing Assets/Resource/Images/Zombies/Zombie/Borm/BoomDie_12.png using Guid(ba027e1c967d1084f98db222be2da7e1) Importer(815301076,1909f56bfc062723c751e8b465ee728b) [PhysX] Initialized MultithreadedTaskDispatcher with 16 workers.
[PhysX] Initialized MultithreadedTaskDispatcher with 16 workers.
 -> (artifact id: '9720ae14c09fba1eed5cccf34f33d2c9') in 0.013606 seconds
Number of updated asset objects reloaded before import = 0
Number of asset objects unloaded after import = 3
========================================================================
Received Import Request.
  Time since last request: 13.138587 seconds.
  path: Assets/Resource/Images/Zombies/Zombie/Back/zombiec3.png
  artifactKey: Guid(f42e7e04df9eb7642814b0c3fb15650d) Importer(815301076,1909f56bfc062723c751e8b465ee728b)
Start importing Assets/Resource/Images/Zombies/Zombie/Back/zombiec3.png using Guid(f42e7e04df9eb7642814b0c3fb15650d) Importer(815301076,1909f56bfc062723c751e8b465ee728b) [PhysX] Initialized MultithreadedTaskDispatcher with 16 workers.
[PhysX] Initialized MultithreadedTaskDispatcher with 16 workers.
 -> (artifact id: '648f39dbb43de4699398dd451816dd72') in 0.073163 seconds
Number of updated asset objects reloaded before import = 0
Number of asset objects unloaded after import = 3
========================================================================
Received Import Request.
  Time since last request: 51.209879 seconds.
  path: Assets/Resource/Images/Zombies/Zombie/LostHead/ZombieHead_6.png
  artifactKey: Guid(d6458bbdf52f7d94bb03823173d64a41) Importer(815301076,1909f56bfc062723c751e8b465ee728b)
Start importing Assets/Resource/Images/Zombies/Zombie/LostHead/ZombieHead_6.png using Guid(d6458bbdf52f7d94bb03823173d64a41) Importer(815301076,1909f56bfc062723c751e8b465ee728b) [PhysX] Initialized MultithreadedTaskDispatcher with 16 workers.
[PhysX] Initialized MultithreadedTaskDispatcher with 16 workers.
 -> (artifact id: '824c8b4f345faa7d104052d7512449a0') in 0.072580 seconds
Number of updated asset objects reloaded before import = 0
Number of asset objects unloaded after import = 3
========================================================================
Received Import Request.
  Time since last request: 0.000024 seconds.
  path: Assets/Resource/Images/Zombies/Zombie/LostHead/ZombieHead_9.png
  artifactKey: Guid(ee41685c2c104364f8c714e0cc69e70d) Importer(815301076,1909f56bfc062723c751e8b465ee728b)
Start importing Assets/Resource/Images/Zombies/Zombie/LostHead/ZombieHead_9.png using Guid(ee41685c2c104364f8c714e0cc69e70d) Importer(815301076,1909f56bfc062723c751e8b465ee728b) [PhysX] Initialized MultithreadedTaskDispatcher with 16 workers.
[PhysX] Initialized MultithreadedTaskDispatcher with 16 workers.
 -> (artifact id: '9f59e5ccbd43f4c64e9f2c65e98d90ae') in 0.068916 seconds
Number of updated asset objects reloaded before import = 0
Number of asset objects unloaded after import = 3
========================================================================
Received Import Request.
  Time since last request: 31.052018 seconds.
  path: Assets/Resource/Images/Zombies/Zombie/LostHeadEat/ZombieLostHeadAttack_6.png
  artifactKey: Guid(8701e36a6e0744b42aa90ae4e5715504) Importer(815301076,1909f56bfc062723c751e8b465ee728b)
Start importing Assets/Resource/Images/Zombies/Zombie/LostHeadEat/ZombieLostHeadAttack_6.png using Guid(8701e36a6e0744b42aa90ae4e5715504) Importer(815301076,1909f56bfc062723c751e8b465ee728b) [PhysX] Initialized MultithreadedTaskDispatcher with 16 workers.
[PhysX] Initialized MultithreadedTaskDispatcher with 16 workers.
 -> (artifact id: '9ac726a25bce7e204e3633cf20ffada9') in 0.011528 seconds
Number of updated asset objects reloaded before import = 0
Number of asset objects unloaded after import = 3
========================================================================
Received Import Request.
  Time since last request: 0.000024 seconds.
  path: Assets/Resource/Images/Zombies/Zombie/LostHeadEat/ZombieLostHeadAttack_11.png
  artifactKey: Guid(0515f0bc26e8ce94faab82cc50b758fb) Importer(815301076,1909f56bfc062723c751e8b465ee728b)
Start importing Assets/Resource/Images/Zombies/Zombie/LostHeadEat/ZombieLostHeadAttack_11.png using Guid(0515f0bc26e8ce94faab82cc50b758fb) Importer(815301076,1909f56bfc062723c751e8b465ee728b) [PhysX] Initialized MultithreadedTaskDispatcher with 16 workers.
[PhysX] Initialized MultithreadedTaskDispatcher with 16 workers.
 -> (artifact id: 'd710dd2bc60fae5271cdb7daf40484c1') in 0.011879 seconds
Number of updated asset objects reloaded before import = 0
Number of asset objects unloaded after import = 3
========================================================================
Received Import Request.
  Time since last request: 1.518170 seconds.
  path: Assets/Resource/Images/Zombies/Zombie/LostHeadMove/ZombieLostHead_16.png
  artifactKey: Guid(f5d88ef470e18424b9343db2429ae0aa) Importer(815301076,1909f56bfc062723c751e8b465ee728b)
Start importing Assets/Resource/Images/Zombies/Zombie/LostHeadMove/ZombieLostHead_16.png using Guid(f5d88ef470e18424b9343db2429ae0aa) Importer(815301076,1909f56bfc062723c751e8b465ee728b) [PhysX] Initialized MultithreadedTaskDispatcher with 16 workers.
[PhysX] Initialized MultithreadedTaskDispatcher with 16 workers.
 -> (artifact id: 'c92bd7a9b035aada92dc8f757b9d180c') in 0.014715 seconds
Number of updated asset objects reloaded before import = 0
Number of asset objects unloaded after import = 3
========================================================================
Received Import Request.
  Time since last request: 15.608772 seconds.
  path: Assets/Resource/Images/Zombies/Zombie/LostHeadMove/ZombieLostHead_12.png
  artifactKey: Guid(ac9e653280d1bd44d864a1fff3685086) Importer(815301076,1909f56bfc062723c751e8b465ee728b)
Start importing Assets/Resource/Images/Zombies/Zombie/LostHeadMove/ZombieLostHead_12.png using Guid(ac9e653280d1bd44d864a1fff3685086) Importer(815301076,1909f56bfc062723c751e8b465ee728b) [PhysX] Initialized MultithreadedTaskDispatcher with 16 workers.
[PhysX] Initialized MultithreadedTaskDispatcher with 16 workers.
 -> (artifact id: '158ff13fec2d654da73231145ff3595b') in 0.063019 seconds
Number of updated asset objects reloaded before import = 0
Number of asset objects unloaded after import = 3
========================================================================
Received Import Request.
  Time since last request: 0.000054 seconds.
  path: Assets/Resource/Images/Zombies/Zombie/LostHeadMove/ZombieLostHead_17.png
  artifactKey: Guid(b56b95dc9e05569409547418cd3da5e0) Importer(815301076,1909f56bfc062723c751e8b465ee728b)
Start importing Assets/Resource/Images/Zombies/Zombie/LostHeadMove/ZombieLostHead_17.png using Guid(b56b95dc9e05569409547418cd3da5e0) Importer(815301076,1909f56bfc062723c751e8b465ee728b) [PhysX] Initialized MultithreadedTaskDispatcher with 16 workers.
[PhysX] Initialized MultithreadedTaskDispatcher with 16 workers.
 -> (artifact id: '900025e61d04ba56763b9f3a3e9699c5') in 0.065845 seconds
Number of updated asset objects reloaded before import = 0
Number of asset objects unloaded after import = 3
========================================================================
Received Import Request.
  Time since last request: 0.516588 seconds.
  path: Assets/Resource/Images/Zombies/Zombie/LostHeadMove/ZombieLostHead_9.png
  artifactKey: Guid(cd1f49b3cd339f2479c25cb92aa93ac1) Importer(815301076,1909f56bfc062723c751e8b465ee728b)
Start importing Assets/Resource/Images/Zombies/Zombie/LostHeadMove/ZombieLostHead_9.png using Guid(cd1f49b3cd339f2479c25cb92aa93ac1) Importer(815301076,1909f56bfc062723c751e8b465ee728b) [PhysX] Initialized MultithreadedTaskDispatcher with 16 workers.
[PhysX] Initialized MultithreadedTaskDispatcher with 16 workers.
 -> (artifact id: '948bbf28e841d4b14f1005a96222f7f6') in 0.014438 seconds
Number of updated asset objects reloaded before import = 0
Number of asset objects unloaded after import = 3
Editor requested this worker to shutdown with reason: Scaling down because of idle timeout
TcpMessagingSession - receive error: operation aborted. errorcode: 995, details:  I/O 
AssetImportWorker is now disconnected from the server
Process exiting
Exiting without the bug reporter. Application will terminate with return code 0